0 1 357 1 324 1 241 1 253
1 1 455 1 351 1 65217 1 511
2 1 688 1 931 1 96411 1 906
3 1 1192 1 1274 1 143812 1 937
4 1 1610 1 1546 1 191065 1 1069
5 1 2272 1 1828 1 252100 1 1219
6 1 3127 1 2536 1 286405 1 1460
7 1 3910 1 3990 1 336460 1 1650
8 1 4960 1 4548 1 382416 1 1931
9 1 6379 1 4779 1 431378 1 2276
10 1 8353 1 7651 1 485240 1 3342
11 1 12964 1 10675 1 534495 1 2857
12 1 11030 1 8362 1 574023 1 3368
13 1 12897 1 10573 1 644109 1 4074
14 1 14692 1 10902 1 670134 1 3998
15 1 18287 1 14202 1 767626 1 5468
16 1 24808 1 17534 1 769656 1 4462
17 1 21913 1 17264 1 691461 1 4551
18 1 14719 1 10514 1 541083 1 4397
19 1 16532 1 12052 1 576528 1 4610
20 1 17454 1 11519 1 596622 1 4549
21 1 19734 1 12917 1 628379 1 5172
22 1 21776 1 15082 1 660060 1 4806
23 1 23616 1 17348 1 689244 1 4643
24 1 26102 1 21380 1 718193 1 5663
25 1 50711 1 17818 1 750747 1 6742
26 1 30233 1 29113 1 781494 1 5950
27 1 31931 1 18564 1 810713 1 5865
28 1 36077 1 33751 1 839898 1 6536
29 1 36721 1 30200 1 898403 1 7214
30 1 41592 1 32569 1 819346 1 6700
31 1 36136 1 23786 1 718616 1 6092
32 1 35221 1 22463 1 656075 1 5830
33 1 39716 1 32164 1 663282 1 5957
34 1 33358 1 22355 1 733017 1 5740
35 1 38299 1 30007 1 701535 1 5837
36 1 39116 1 27991 1 723256 1 7320
37 1 48793 1 37744 1 758796 1 6491
38 1 41229 1 25782 1 761975 1 6612
39 1 45025 1 30326 1 790224 1 6411
40 1 47193 1 32760 1 804323 1 6662
41 1 49707 1 33557 1 824358 1 7563
42 1 51335 1 36203 1 768778 1 5237
43 1 47331 1 29365 1 655936 1 6264
44 1 41243 1 33463 1 663870 1 6142
45 1 44148 1 37700 1 771437 1 6431
46 1 50812 1 33273 1 781557 1 6866
47 1 53670 1 39783 1 744602 1 6419
48 1 48438 1 37115 1 727090 1 6783
49 1 52363 1 35878 1 739827 1 7035
50 1 72298 1 34524 1 896330 1 8059
51 1 66274 1 43344 1 854070 1 7143
52 1 58907 1 38608 1 799170 1 7166
53 1 87244 1 46292 1 853449 1 7353
54 1 68547 1 61150 1 816429 1 7287
55 1 66632 1 44880 1 850080 1 8865
56 1 73300 1 54426 1 863417 1 7279
57 1 74974 1 48786 1 860911 1 7428
58 1 72266 1 47292 1 938754 1 9843
59 1 99147 1 66822 1 1027269 1 8603
60 1 75853 1 47835 1 957266 1 9096
61 1 93825 1 60331 1 1009825 1 8278
62 1 88034 1 55168 1 1108189 1 9373
63 1 95160 1 68725 1 1049349 1 15472
64 1 99448 1 96175 1 1074173 1 9631
65 1 99684 1 87921 1 1073719 1 9700
66 1 110158 1 64121 1 1070129 1 9065
67 1 97704 1 71152 1 1022971 1 9604
68 1 101650 1 114067 1 1222705 1 12879
69 1 132238 1 103083 1 1176817 1 10365
70 1 112311 1 110527 1 1153870 1 10816
71 1 118951 1 87035 1 1137419 1 10434
72 1 111319 1 72424 1 1088956 1 11780
73 1 118930 1 82803 1 1183732 1 12210
74 1 118459 1 75874 1 1136891 1 11478
75 1 145616 1 85703 1 1351004 1 12601
76 1 154611 1 81711 1 1265973 1 11576
77 1 145878 1 81391 1 1285111 1 11239
78 1 134720 1 125906 1 1300467 1 13156
79 1 157092 1 93341 1 1237577 1 12276
80 1 132853 1 75373 1 1208858 1 11451
81 1 168618 1 104661 1 1349837 1 12961
82 1 157940 1 109278 1 1287041 1 12409
83 1 150978 1 101070 1 1320618 1 12889
84 1 158186 1 100252 1 1340714 1 13274
85 1 184770 1 164026 1 1471460 1 14877
86 1 186161 1 118455 1 1476500 1 12784
87 1 173077 1 123187 1 1384938 1 14005
88 1 179995 1 110679 1 1554710 1 17213
89 1 216369 1 152481 1 1382014 1 13442
90 1 179966 1 167276 1 1386068 1 13843
91 1 176309 1 113070 1 1391192 1 13509
92 1 184851 1 124043 1 1444742 1 13643
93 1 200839 1 142278 1 1487105 1 17623
94 1 210896 1 150616 1 1648781 1 17516
95 1 240536 1 187637 1 1676789 1 15292
96 1 212511 1 150060 1 1545256 1 15184
97 1 219225 1 140795 1 1487652 1 14893
98 1 205442 1 128199 1 1611371 1 16193
99 1 230786 1 153533 1 1571121 1 14593
100 1 207702 1 123529 1 1509976 1 14963
