0 1 1804 1 1102 1 2828 1 927
1 1 1569 1 712 1 1091 1 347
2 1 1890 1 1482 1 11938 1 597
3 1 2333 1 1837 1 6891 1 472
4 1 2613 1 1759 1 7860 1 428
5 1 3241 1 1985 1 8094 1 469
6 1 3689 1 2261 1 9251 1 492
7 1 5040 1 3222 1 11201 1 540
8 1 5657 1 3244 1 22954 1 542
9 1 6130 1 3336 1 13014 1 543
10 1 7943 1 4612 1 14365 1 595
11 1 9318 1 5323 1 14736 1 756
12 1 10066 1 5167 1 18457 1 706
13 1 13120 1 6985 1 18060 1 723
14 1 13920 1 6851 1 19573 1 754
15 1 15554 1 7650 1 18020 1 839
16 1 17072 1 8298 1 26046 1 885
17 1 21602 1 10940 1 27759 1 964
18 1 22386 1 10951 1 27672 1 936
19 1 24713 1 12190 1 27107 1 1078
20 1 25563 1 11814 1 35930 1 1175
21 1 28139 1 13275 1 31852 1 1152
22 1 31909 1 15392 1 31645 1 1211
23 1 34647 1 16985 1 33807 1 1165
24 1 39955 1 20869 1 38765 1 1363
25 1 39495 1 18437 1 35780 1 1403
26 1 45735 1 24150 1 41368 1 1475
27 1 43080 1 18673 1 40884 1 1431
28 1 52745 1 27392 1 43830 1 1523
29 1 52414 1 24849 1 46984 1 1597
30 1 61150 1 32376 1 53256 1 1692
31 1 61160 1 29955 1 48964 1 1606
32 1 61400 1 27749 1 54060 1 1848
33 1 88912 1 35146 1 46044 1 1708
34 1 68443 1 32128 1 58701 1 1691
35 1 80967 1 43964 1 53848 1 1865
36 1 80551 1 41699 1 61134 1 1813
37 1 82889 1 40966 1 54402 1 1969
38 1 81959 1 37337 1 54276 1 1917
39 1 90827 1 43278 1 60533 1 2147
40 1 96993 1 47507 1 58512 1 2164
41 1 100784 1 50080 1 60032 1 2248
42 1 105640 1 51900 1 72261 1 2164
43 1 107392 1 52034 1 61149 1 2217
44 1 110812 1 51124 1 70246 1 2366
45 1 120823 1 57953 1 66719 1 2317
46 1 123167 1 60594 1 63954 1 2609
47 1 133771 1 68076 1 68733 1 2501
48 1 127570 1 56732 1 72829 1 2566
49 1 160969 1 88618 1 83689 1 2948
50 1 144169 1 64839 1 85999 1 3014
51 1 155360 1 74827 1 80056 1 3027
52 1 161785 1 76710 1 84143 1 3025
53 1 188399 1 78591 1 76078 1 2852
54 1 165063 1 84110 1 83773 1 2847
55 1 166376 1 80433 1 88632 1 2940
56 1 163086 1 75970 1 88208 1 2916
57 1 183443 1 92923 1 83883 1 3064
58 1 180130 1 84996 1 79162 1 3206
59 1 198696 1 101550 1 86540 1 3130
60 1 188442 1 111798 1 95845 1 3372
61 1 223670 1 116310 1 96325 1 3414
62 1 215790 1 98787 1 99303 1 3468
63 1 233996 1 111169 1 90590 1 3257
64 1 234284 1 122709 1 90758 1 4235
65 1 264212 1 128350 1 97545 1 3970
66 1 252016 1 143815 1 100981 1 4016
67 1 279855 1 130317 1 104703 1 3871
68 1 288337 1 163363 1 127679 1 4017
69 1 281601 1 141941 1 111440 1 4069
70 1 312868 1 135167 1 107972 1 4134
71 1 303250 1 178366 1 120414 1 4143
72 1 291743 1 155789 1 109188 1 4402
73 1 326956 1 163783 1 120951 1 4820
74 1 314262 1 147365 1 115907 1 4222
75 1 334176 1 154952 1 123933 1 4690
76 1 325996 1 149561 1 152680 1 4840
77 1 334057 1 150677 1 126794 1 4640
78 1 384227 1 220194 1 129079 1 5372
79 1 365364 1 258433 1 180627 1 5715
80 1 348257 1 230987 1 127111 1 5451
81 1 392784 1 198415 1 127091 1 5157
82 1 407914 1 196161 1 125265 1 4644
83 1 397497 1 209777 1 135951 1 5173
84 1 385853 1 196055 1 139310 1 5536
85 1 415162 1 215207 1 128562 1 5205
86 1 426059 1 201808 1 142950 1 5343
87 1 442209 1 212911 1 139927 1 5414
88 1 430902 1 207804 1 123822 1 5350
89 1 421271 1 204971 1 127930 1 5197
90 1 455561 1 250037 1 151164 1 5644
91 1 464592 1 237604 1 148135 1 5644
92 1 499060 1 253542 1 154169 1 5438
93 1 488023 1 239236 1 144343 1 5208
94 1 535182 1 251135 1 156791 1 5688
95 1 535863 1 269538 1 181817 1 5813
96 1 546194 1 283863 1 146784 1 6187
97 1 550623 1 234507 1 140832 1 5566
98 1 494252 1 233936 1 154073 1 5801
99 1 546194 1 263741 1 178849 1 5967
100 1 547359 1 243458 1 179631 1 6182
