0 1 135 1 191 1 76 1 81
10 1 2827 1 2687 1 163444 1 1158
20 1 10116 1 9403 1 301255 1 2380
30 1 19474 1 13899 1 449949 1 3894
40 1 35472 1 23572 1 602243 1 5396
50 1 54409 1 35755 1 760994 1 6561
60 1 77172 1 50317 1 903504 1 8603
70 1 105015 1 69396 1 1055043 1 10233
80 1 134682 1 81332 1 1205097 1 11250
90 1 174578 1 100680 1 1356260 1 13220
100 1 218440 1 143539 1 1507473 1 15647
110 1 257707 1 162382 1 1660044 1 16552
120 1 316131 1 225199 1 1809233 1 18882
130 1 372844 1 259961 1 2033489 1 20692
140 1 413386 1 252900 1 2119920 1 22746
150 1 491392 1 319966 1 2276676 1 24910
160 1 550811 1 357381 1 2413881 1 26474
170 1 631859 1 426174 1 2573615 1 27445
180 1 690800 1 422441 1 2849643 1 30344
190 1 784697 1 598295 1 2869098 1 32349
200 1 865540 1 570619 1 3025851 1 33511
210 1 944397 1 743046 1 3246358 1 38076
220 1 1160334 1 739491 1 3432523 1 36755
230 1 1131803 1 690595 1 3488944 1 40555
240 1 1264407 1 861339 1 3628696 1 41724
250 1 1405191 1 1209052 1 3785943 1 44335
260 1 1456653 1 937872 1 3928538 1 45967
270 1 1579965 1 1057957 1 4230747 1 51498
280 1 1706910 1 1087777 1 4253389 1 50556
290 1 1827253 1 1199746 1 4451417 1 55903
300 1 1973549 1 1241249 1 4539396 1 54444
310 1 2073118 1 1295475 1 4730322 1 73872
320 1 2416344 1 1405566 1 4836898 1 59091
330 1 2348317 1 1525086 1 5050422 1 64639
340 1 2531080 1 1567109 1 5141492 1 63663
350 1 2691240 1 1780249 1 7447273 1 64469
360 1 2802539 1 1780804 1 5453073 1 67516
370 1 3081469 1 1870256 1 5603337 1 70067
380 1 3139591 1 2069870 1 5853194 1 71326
390 1 3328096 1 2174240 1 5906636 1 73504
400 1 3716284 1 2615378 1 6448270 1 80475
410 1 3850620 1 2440984 1 6636663 1 84624
420 1 4044062 1 2905870 1 6665133 1 82133
430 1 3980730 1 2521298 1 6657397 1 81596
440 1 4182709 1 2614070 1 6672844 1 84257
450 1 4432470 1 2762037 1 6832123 1 85893
460 1 4708479 1 3036450 1 6978078 1 89706
470 1 4855941 1 3232154 1 7124700 1 90922
480 1 4937869 1 3184949 1 7316832 1 92645
490 1 5129196 1 3222959 1 7511396 1 94736
500 1 5445513 1 3926456 1 7667131 1 96985
510 1 5592689 1 3454085 1 7861171 1 100655
520 1 5920425 1 3941893 1 7879757 1 100050
530 1 6068057 1 4112600 1 8047030 1 105010
540 1 6423185 1 4116220 1 8302354 1 105585
550 1 6711170 1 4342308 1 8415624 1 113538
560 1 6871773 1 4158871 1 8590401 1 109485
570 1 7065742 1 4642835 1 8823168 1 114482
580 1 7690855 1 4963518 1 8817256 1 114920
590 1 7792693 1 5320458 1 9109376 1 133915
600 1 7721126 1 4675756 1 9476453 1 128815
610 1 8153385 1 5495359 1 9255297 1 125683
620 1 8468826 1 5392534 1 9662460 1 142283
630 1 8505821 1 5443529 1 9623283 1 125923
640 1 9044458 1 5651447 1 9887383 1 139608
650 1 9433839 1 5673948 1 9957928 1 129240
660 1 9656786 1 6278334 1 10183882 1 132074
670 1 10657683 1 6753205 1 10286561 1 151013
680 1 10275275 1 6157172 1 10503963 1 138712
690 1 10580685 1 6849539 1 10635574 1 138564
700 1 10675271 1 7130482 1 10627948 1 142515
710 1 11214192 1 7155089 1 10899691 1 146412
720 1 11347506 1 7266409 1 11117574 1 147557
730 1 13669560 1 7205805 1 11238534 1 148620
740 1 12055582 1 7687463 1 11350550 1 148982
750 1 12386018 1 8131801 1 11660597 1 151156
760 1 12521973 1 8171358 1 11846244 1 154991
770 1 12940346 1 8312051 1 12010838 1 159553
780 1 13284536 1 8523561 1 11947012 1 160166
790 1 13696057 1 8634914 1 12088952 1 166713
800 1 13937087 1 11084331 1 12348327 1 168893
810 1 14258478 1 8942921 1 12511102 1 167999
820 1 14623743 1 9304033 1 12793949 1 177634
830 1 15079110 1 9752978 1 12807763 1 173904
840 1 15462787 1 9840140 1 12952887 1 174655
850 1 15987454 1 10471126 1 12925546 1 179946
860 1 16188235 1 10146500 1 13294192 1 183786
870 1 16417551 1 10212338 1 13381051 1 181860
880 1 17131763 1 10457539 1 13585560 1 184666
890 1 17255303 1 10923139 1 13720942 1 188883
900 1 17726860 1 11534981 1 13980495 1 188021
910 1 18064638 1 11600099 1 13839019 1 191762
920 1 18582625 1 11685184 1 14185180 1 193756
930 1 19249944 1 12722502 1 14297556 1 197618
940 1 19447870 1 13319315 1 15068907 1 200871
950 1 19989752 1 12733139 1 14613673 1 200268
960 1 19940855 1 12209932 1 14608085 1 235095
970 1 20617096 1 12987675 1 21157359 1 208341
980 1 20849200 1 14321510 1 14999519 1 206306
990 1 21545193 1 13710287 1 15308323 1 209690
1000 1 21817408 1 13290401 1 15465437 1 263482
1010 1 22338691 1 14529978 1 15439416 1 214408
1020 1 22764368 1 16347664 1 15565643 1 226312
1030 1 23335288 1 14917405 1 15817025 1 230144
1040 1 23956344 1 15174417 1 16215070 1 222774
1050 1 23959119 1 15400429 1 16364048 1 230142
1060 1 24766902 1 15907669 1 16394031 1 230793
1070 1 24930323 1 15646942 1 16356091 1 228138
1080 1 25928872 1 16391348 1 16607268 1 234161
1090 1 26184075 1 16449233 1 16656379 1 235728
1100 1 26534778 1 16432507 1 16997822 1 236641
1110 1 27058512 1 17876081 1 17050868 1 239148
1120 1 27479628 1 17490232 1 18156188 1 265780
1130 1 29044441 1 17349206 1 17280180 1 240880
1140 1 28332618 1 17766450 1 19477977 1 250526
1150 1 29226824 1 18676903 1 17832314 1 248316
1160 1 29532336 1 18694960 1 17712969 1 250280
1170 1 30279541 1 19098816 1 18011593 1 251441
1180 1 30443680 1 20681058 1 18145535 1 289316
1190 1 30656524 1 18864692 1 18457909 1 283005
1200 1 31516781 1 20285745 1 18427257 1 259727
1210 1 31726004 1 20004003 1 18501712 1 265206
1220 1 32411784 1 19860546 1 18795388 1 265321
1230 1 33242635 1 21121072 1 18913392 1 268058
1240 1 33435752 1 20916288 1 19046030 1 270692
1250 1 33956425 1 21276978 1 19269936 1 271459
1260 1 34998948 1 22303167 1 19291814 1 275586
1270 1 35655935 1 22149055 1 19468841 1 282082
1280 1 36022941 1 24714494 1 19627361 1 281798
1290 1 36306870 1 23019016 1 19943459 1 288685
1300 1 37006786 1 23549206 1 19877371 1 287058
1310 1 37731300 1 25182859 1 20164209 1 287071
1320 1 37951663 1 23388281 1 20243984 1 292201
1330 1 39000347 1 24450273 1 20392941 1 298792
1340 1 39554189 1 25024962 1 20495028 1 326995
1350 1 39756730 1 25148273 1 21110938 1 318146
1360 1 40226775 1 25557920 1 20920453 1 305425
1370 1 41191390 1 26208080 1 21117969 1 304062
1380 1 41692025 1 26051823 1 21349525 1 309119
1390 1 42855431 1 26975060 1 21366604 1 312389
1400 1 49185163 1 27410132 1 21555191 1 310570
1410 1 43608553 1 28190795 1 21949963 1 317726
1420 1 44101469 1 30072772 1 21784533 1 315284
1430 1 44356796 1 26827143 1 22083156 1 341788
1440 1 45798103 1 28604978 1 22101706 1 325847
1450 1 47939910 1 28651558 1 22326397 1 323539
1460 1 46307955 1 29876762 1 23032695 1 325440
1470 1 49682782 1 30604364 1 22521218 1 328600
1480 1 47804091 1 30773174 1 22696278 1 334582
1490 1 48821787 1 30885037 1 24828816 1 332019
1500 1 49071083 1 30880973 1 23155499 1 337281
1510 1 49604118 1 31063533 1 23493232 1 339560
1520 1 52697520 1 32372603 1 23354084 1 375857
1530 1 51228397 1 32479106 1 23611935 1 343368
1540 1 52750552 1 32778874 1 23734648 1 397261
1550 1 52722216 1 32338924 1 24216670 1 359581
1560 1 53195169 1 33762656 1 24321387 1 354563
1570 1 53914212 1 33843443 1 24272014 1 385076
1580 1 54986310 1 35814135 1 24227553 1 404819
1590 1 55430006 1 34748462 1 24262336 1 355747
1600 1 55919891 1 35248356 1 24683261 1 356591
1610 1 56603981 1 35408064 1 24729965 1 364998
1620 1 56966094 1 35106387 1 27621020 1 415588
1630 1 58658873 1 37153466 1 25302364 1 369173
1640 1 58773260 1 37355408 1 27196273 1 373729
1650 1 59819257 1 37355655 1 25383209 1 372745
1660 1 61593576 1 38100763 1 32584156 1 386552
1670 1 61367120 1 39431228 1 26239117 1 377728
1680 1 61638602 1 39092680 1 27848242 1 380718
1690 1 63442263 1 39773837 1 25982342 1 381627
1700 1 63226159 1 40002750 1 26297538 1 386671
1710 1 64208659 1 40582798 1 26411860 1 442481
1720 1 65427078 1 41758320 1 27049642 1 392665
1730 1 65998693 1 40627812 1 26460902 1 395900
1740 1 66232164 1 43874955 1 26523773 1 396784
1750 1 66006802 1 41322545 1 26660358 1 401713
1760 1 67257007 1 42991492 1 26985499 1 402342
1770 1 67445122 1 41985057 1 33247061 1 403367
1780 1 69468713 1 43827360 1 27296670 1 412492
1790 1 69318209 1 46062328 1 27382012 1 451571
1800 1 70012431 1 43635963 1 27428621 1 413161
1810 1 73091558 1 44654042 1 27743869 1 417293
1820 1 71738080 1 44767605 1 29791557 1 418357
1830 1 71904052 1 44134262 1 27826500 1 416603
1840 1 73012057 1 45407378 1 27982954 1 422082
1850 1 74938605 1 48057709 1 28388911 1 426898
1860 1 74734064 1 46845237 1 28680934 1 431273
1870 1 75226942 1 46331541 1 28481519 1 430470
1880 1 77443321 1 49634622 1 28711879 1 436656
1890 1 77161800 1 47238456 1 28967018 1 438708
1900 1 78189910 1 48479299 1 28931520 1 438390
1910 1 80758942 1 50330521 1 29254746 1 439460
1920 1 79398129 1 52623867 1 29243345 1 441093
1930 1 80688271 1 51226280 1 29358448 1 440689
1940 1 83626723 1 51968194 1 29531697 1 446272
1950 1 82094926 1 54106859 1 29652302 1 449954
1960 1 83191990 1 51965142 1 29867401 1 456933
1970 1 84071800 1 56436321 1 29993049 1 456710
1980 1 85247364 1 55058769 1 30156387 1 457888
1990 1 86084276 1 54292953 1 30314045 1 454260
2000 1 86799463 1 55183422 1 30412870 1 457795
2010 1 87107513 1 54774898 1 30674355 1 466823
2020 1 87859299 1 59450492 1 30784069 1 479428
2030 1 89613679 1 56081218 1 30900686 1 466867
2040 1 92071672 1 57471872 1 31720555 1 475392
2050 1 96979162 1 56867133 1 31317296 1 478629
2060 1 92652034 1 61999523 1 31385598 1 474394
2070 1 92267049 1 57614952 1 31513779 1 484462
2080 1 93721471 1 58564358 1 32220705 1 484770
2090 1 95803872 1 61644195 1 32045634 1 495847
2100 1 95724832 1 61420091 1 32033493 1 496858
2110 1 96917040 1 61934649 1 32190599 1 492511
2120 1 96580534 1 60842957 1 32325760 1 493397
2130 1 104447700 1 62421129 1 32509952 1 497622
2140 1 101924165 1 63164748 1 32612869 1 500345
2150 1 100134043 1 65113909 1 32726124 1 495610
2160 1 101057502 1 64830272 1 34958924 1 505738
2170 1 101659035 1 63975609 1 33038872 1 512595
2180 1 102055204 1 62093664 1 33210424 1 509014
2190 1 104533183 1 65549982 1 33490429 1 513834
2200 1 105549393 1 67621340 1 33483248 1 511264
2210 1 107164195 1 64462009 1 33752567 1 519383
2220 1 108616383 1 69208498 1 33847625 1 520107
2230 1 106925919 1 66775076 1 36719885 1 528294
2240 1 108421511 1 67690737 1 34115720 1 522933
2250 1 111732189 1 69268012 1 34369126 1 543090
2260 1 112716409 1 68601005 1 34463953 1 529713
2270 1 110825174 1 69135451 1 34692102 1 539810
2280 1 112454297 1 72121454 1 35036489 1 538187
2290 1 113347163 1 70085647 1 34909853 1 542335
2300 1 114523935 1 72632015 1 35281126 1 544925
2310 1 115430364 1 74017364 1 35262712 1 544212
2320 1 116418149 1 74533989 1 37590023 1 615483
2330 1 118099584 1 73743027 1 42445996 1 551765
2340 1 117865054 1 74090914 1 37761784 1 548373
2350 1 120449638 1 76482171 1 35854126 1 558393
2360 1 120489812 1 75760944 1 35908116 1 557148
2370 1 121801265 1 75995592 1 36076606 1 564696
2380 1 123546174 1 79301029 1 36303965 1 562270
2390 1 123886050 1 76529461 1 36657764 1 571442
2400 1 124491802 1 78668209 1 36583545 1 567135
2410 1 126455239 1 79372023 1 36706595 1 576189
2420 1 128993762 1 80478148 1 36831875 1 575505
2430 1 129368929 1 79653861 1 37246148 1 570345
2440 1 129076855 1 82259602 1 37188618 1 578165
2450 1 130205271 1 85213857 1 37724933 1 581984
2460 1 131604193 1 82399935 1 37608663 1 642190
2470 1 132868942 1 83663809 1 37668573 1 590531
2480 1 132690879 1 83987757 1 37991821 1 590264
2490 1 135765436 1 84994383 1 40212078 1 595395
2500 1 137212910 1 87636322 1 38156061 1 595596
2510 1 136328868 1 85300362 1 38240023 1 595743
2520 1 136780045 1 84943237 1 38431204 1 597653
2530 1 138832048 1 85649397 1 38786489 1 608142
2540 1 139252261 1 88027891 1 38793952 1 604122
2550 1 141160098 1 89477466 1 38846596 1 615778
2560 1 141680974 1 89118699 1 39128538 1 617012
2570 1 151408324 1 90160278 1 39141074 1 632922
2580 1 145318975 1 90048876 1 39416377 1 615704
2590 1 144537266 1 91153419 1 39481070 1 629203
2600 1 145354694 1 91427983 1 40077200 1 667849
2610 1 146739923 1 90672440 1 39988785 1 621760
2620 1 149027915 1 92292422 1 40406622 1 622250
2630 1 149838299 1 95504227 1 40087481 1 629228
2640 1 153667496 1 96849719 1 40247575 1 634099
2650 1 153446793 1 94242171 1 41112591 1 671469
2660 1 152854535 1 96669680 1 40994253 1 645077
2670 1 154056921 1 97003853 1 41214460 1 678583
2680 1 156043949 1 98708465 1 41266077 1 686313
2690 1 158799243 1 101424379 1 41378727 1 644943
2700 1 157871244 1 102207830 1 41714809 1 641200
2710 1 157797710 1 99353633 1 41378114 1 647876
2720 1 160058722 1 102170199 1 41718525 1 651538
2730 1 160331775 1 100312241 1 42021037 1 655906
2740 1 165172776 1 103894775 1 41810529 1 656585
2750 1 164061826 1 103395878 1 42990944 1 683878
2760 1 165246334 1 104149004 1 42321755 1 707629
2770 1 172789699 1 104219750 1 44345859 1 672666
2780 1 166408670 1 104852172 1 42752378 1 740710
2790 1 169033786 1 104540345 1 42528369 1 676902
2800 1 169589169 1 109880248 1 42737058 1 692180
2810 1 171773949 1 109069968 1 43363354 1 677139
2820 1 171979724 1 107706883 1 42941093 1 674815
2830 1 174645246 1 109208778 1 43993316 1 688477
2840 1 176262067 1 111503445 1 43577674 1 686350
2850 1 176192526 1 108360078 1 43767534 1 692291
2860 1 177650326 1 114340541 1 44358835 1 695447
2870 1 179201299 1 111332858 1 44016033 1 696506
2880 1 179265323 1 111405098 1 44252705 1 702537
2890 1 181815183 1 112878467 1 43994590 1 708371
2900 1 181108205 1 113587289 1 44711293 1 697876
2910 1 183380490 1 116286563 1 44453518 1 702704
2920 1 185443286 1 120451254 1 44522207 1 703520
2930 1 185376785 1 118725681 1 45168322 1 714847
2940 1 189510741 1 124360013 1 44828325 1 718574
2950 1 190823169 1 118768979 1 45139027 1 711194
2960 1 189243360 1 120390297 1 45214409 1 723893
2970 1 190061689 1 119033376 1 45843037 1 724469
2980 1 193466246 1 121493207 1 45475607 1 724161
2990 1 194260099 1 125020935 1 45740032 1 728910
3000 1 195837183 1 122562086 1 46125171 1 721941
3010 1 196553278 1 124172798 1 45880968 1 733515
3020 1 198639644 1 125590190 1 46256080 1 742507
3030 1 197757240 1 126276441 1 46450573 1 738930
3040 1 199505136 1 125270804 1 46351104 1 742462
3050 1 202786450 1 123004490 1 46710496 1 743062
3060 1 204580109 1 132065863 1 46910713 1 750297
3070 1 206670382 1 129714198 1 46844688 1 760036
3080 1 205934086 1 129155369 1 48164271 1 748213
3090 1 205927139 1 125898815 1 47319616 1 754145
3100 1 208208469 1 137981327 1 47287736 1 754620
3110 1 210684500 1 133043279 1 47886305 1 762756
3120 1 211880657 1 132203507 1 47646720 1 764701
3130 1 214063192 1 134706882 1 47795911 1 769631
3140 1 213915876 1 133258279 1 47890444 1 765028
3150 1 216653565 1 134521926 1 48170551 1 774587
3160 1 217525353 1 135421025 1 48412754 1 769897
3170 1 217981107 1 135090078 1 54749848 1 773204
3180 1 217995140 1 137576913 1 48497927 1 768355
3190 1 221995394 1 140669350 1 48845271 1 794000
3200 1 222113603 1 136366513 1 50829088 1 777018
3210 1 220920343 1 137184033 1 49163612 1 789416
3220 1 225330712 1 143235244 1 49194489 1 781619
3230 1 225370300 1 141950985 1 51479940 1 783610
3240 1 225579900 1 142013148 1 49553736 1 786238
3250 1 235454709 1 146544935 1 49649810 1 795586
3260 1 230071404 1 148931558 1 49706306 1 796453
3270 1 234719976 1 146866889 1 49877877 1 804026
3280 1 231642319 1 146840619 1 50353275 1 810215
3290 1 236311965 1 149757894 1 50267809 1 808023
3300 1 236340117 1 148165987 1 50501892 1 805804
3310 1 239377759 1 151069989 1 50784679 1 884983
3320 1 237938618 1 149457265 1 50702720 1 820440
3330 1 240208327 1 152342833 1 52925685 1 823490
3340 1 242932547 1 151086953 1 50932498 1 822999
3350 1 242251912 1 149956666 1 51066549 1 824427
3360 1 245990025 1 156610343 1 51289281 1 835030
3370 1 245141230 1 155288742 1 51555900 1 825497
3380 1 251984748 1 159108748 1 51485872 1 822187
3390 1 247710535 1 157574752 1 51857864 1 840955
3400 1 249858676 1 157714240 1 54301983 1 839601
3410 1 251187505 1 159954822 1 52272596 1 876471
3420 1 255646119 1 160681351 1 52402466 1 954396
3430 1 256466397 1 158152289 1 52422515 1 848257
3440 1 257448969 1 160339934 1 52587955 1 853222
3450 1 259107498 1 162474250 1 52647435 1 842287
3460 1 261024050 1 166586021 1 52956784 1 863036
3470 1 261281604 1 161050327 1 53691377 1 853496
3480 1 262525049 1 165468377 1 53820137 1 864739
3490 1 269632013 1 168199797 1 53235859 1 865733
3500 1 272801475 1 178894902 1 54676731 1 872219
3510 1 272542304 1 168183185 1 54728915 1 938335
3520 1 273720360 1 171379616 1 55714844 1 918663
3530 1 281850630 1 174174143 1 55931232 1 959365
3540 1 292418156 1 175863511 1 57080226 1 907548
3550 1 276977694 1 174111774 1 54756985 1 976904
3560 1 278428224 1 177628962 1 55287945 1 885574
3570 1 278849239 1 174742718 1 55180850 1 895030
3580 1 283071741 1 179491931 1 55094394 1 887957
3590 1 280956277 1 172967619 1 56203170 1 912920
3600 1 286346830 1 182140862 1 55714672 1 894701
3610 1 286268299 1 180367967 1 56507161 1 889549
3620 1 298544845 1 180802720 1 57029967 1 892207
3630 1 290197028 1 183690889 1 57755442 1 906640
3640 1 293363554 1 182876236 1 57172772 1 902679
3650 1 293182936 1 185745993 1 56742065 1 980233
3660 1 293544380 1 182462926 1 58761582 1 960655
3670 1 304863100 1 189234606 1 59192158 1 1050705
3680 1 301564734 1 188955503 1 58074376 1 974636
3690 1 308338828 1 196557208 1 57883718 1 919060
3700 1 303223272 1 200229360 1 58181952 1 921585
3710 1 304498323 1 194255094 1 57741234 1 1027539
3720 1 307986342 1 196842764 1 58817821 1 1072159
3730 1 311960720 1 189413047 1 58005452 1 933438
3740 1 309677477 1 196704009 1 59432961 1 933552
3750 1 314011303 1 202035594 1 58528417 1 998448
3760 1 314761524 1 196163064 1 58676994 1 933839
3770 1 312902313 1 194898595 1 59055099 1 937769
3780 1 311708346 1 192699751 1 58663497 1 943909
3790 1 317114792 1 200421133 1 58451408 1 1150247
3800 1 320348802 1 199988900 1 59541063 1 953753
3810 1 319434543 1 199097358 1 59132005 1 954068
3820 1 320757617 1 203648805 1 65265388 1 1006912
3830 1 325997124 1 201749213 1 59556911 1 948560
3840 1 322811180 1 202359745 1 59220674 1 967073
3850 1 327490871 1 205915512 1 60529615 1 1054115
3860 1 327999762 1 201649546 1 61373988 1 956975
3870 1 330265196 1 212190797 1 59969619 1 959322
3880 1 328894138 1 212358600 1 60590578 1 977443
3890 1 337757516 1 207534991 1 62584684 1 972769
3900 1 336378672 1 212887907 1 61575637 1 991459
3910 1 338881104 1 212374714 1 60870053 1 976819
3920 1 343450543 1 224479545 1 60835414 1 1051423
3930 1 342706045 1 218055503 1 61060618 1 987718
3940 1 343634423 1 219125531 1 61577722 1 1120597
3950 1 348229580 1 220004093 1 61169268 1 985366
3960 1 347904185 1 217948432 1 61695217 1 997979
3970 1 350037617 1 219375302 1 63299747 1 1016294
3980 1 352651520 1 218437145 1 66077779 1 995990
3990 1 354155572 1 221032466 1 62392934 1 1011823
4000 1 354676733 1 226081595 1 62535564 1 1002144
4010 1 359664123 1 234095928 1 69094339 1 998608
4020 1 361037597 1 229668761 1 63126458 1 1198578
4030 1 362016297 1 228408632 1 62624584 1 1013724
4040 1 362914278 1 228285350 1 62786720 1 1008394
4050 1 364635988 1 231180832 1 63134418 1 1013835
4060 1 362249885 1 229400845 1 63315075 1 1011930
4070 1 367754951 1 228057529 1 63270527 1 1086297
4080 1 370667811 1 231864339 1 63367184 1 1035196
4090 1 371280924 1 235233445 1 64004057 1 1020461
4100 1 374467318 1 240980655 1 65891140 1 1027744
4110 1 376691125 1 236935251 1 64077390 1 1051282
4120 1 374799589 1 240398122 1 64187000 1 1046315
4130 1 377493674 1 240558207 1 66282505 1 1151268
4140 1 380113310 1 241409079 1 64389104 1 1056858
4150 1 380402968 1 240096886 1 65952895 1 1046861
4160 1 388369752 1 243113710 1 65406638 1 1041374
4170 1 383254719 1 242379930 1 65074462 1 1176138
4180 1 384045156 1 239228671 1 64994938 1 1054989
4190 1 392981740 1 242583132 1 65075041 1 1050661
4200 1 391091446 1 243377612 1 65802555 1 1056582
4210 1 392221472 1 246156866 1 67084805 1 1079653
4220 1 397772812 1 249339333 1 65394974 1 1138198
4230 1 394683367 1 246424804 1 65717546 1 1060539
4240 1 394847999 1 251713874 1 66642904 1 1270722
4250 1 397492870 1 252285636 1 65433743 1 1073720
4260 1 398547678 1 252828736 1 65774841 1 1092435
4270 1 404216369 1 258469884 1 66194551 1 1086188
4280 1 401530327 1 254242151 1 66247936 1 1085314
4290 1 402441130 1 254822283 1 65697805 1 1152073
4300 1 409105774 1 255131167 1 65914769 1 1207174
4310 1 404850699 1 255182835 1 67692944 1 1086415
4320 1 418153868 1 267317199 1 67379352 1 1094255
4330 1 414262841 1 277799988 1 67085655 1 1096661
4340 1 413958878 1 259144191 1 66890580 1 1105862
4350 1 421332148 1 313075284 1 68309280 1 1110474
4360 1 416893458 1 267966247 1 69050061 1 1141982
4370 1 419595717 1 268776043 1 73380367 1 1199865
4380 1 424889086 1 261334578 1 68375445 1 1116464
4390 1 420994182 1 268975762 1 68132872 1 1105748
4400 1 426252522 1 268756964 1 69879234 1 1113467
4410 1 435005860 1 269552426 1 70520947 1 1232750
4420 1 430694708 1 269433542 1 68275166 1 1235238
4430 1 435935585 1 264975098 1 69894773 1 1116399
4440 1 432823824 1 274979989 1 69211531 1 1331440
4450 1 433628458 1 274393281 1 68863500 1 1135616
4460 1 447714501 1 272566443 1 68522532 1 1133928
4470 1 453208486 1 270623555 1 71471180 1 1144571
4480 1 460781921 1 281734402 1 70642852 1 1137984
4490 1 441803150 1 280466631 1 69435749 1 1134731
4500 1 451333021 1 278262700 1 70773943 1 1144048
4510 1 445945337 1 286322658 1 69821849 1 1141809
4520 1 451169148 1 284443303 1 71172464 1 1153662
4530 1 451901928 1 287351917 1 71736577 1 1298365
4540 1 452446515 1 283906771 1 69838225 1 1189063
4550 1 456379033 1 289658667 1 70932834 1 1159866
4560 1 457463481 1 287037003 1 72255828 1 1164396
4570 1 459143959 1 295285370 1 73195579 1 1161934
4580 1 461543829 1 292196980 1 72023335 1 1392884
4590 1 461871015 1 290539907 1 71162968 1 1228337
4600 1 468791618 1 291980405 1 71587394 1 1166524
4610 1 466687519 1 295484539 1 72142656 1 1189599
4620 1 469506701 1 294609337 1 71740324 1 1178993
4630 1 469376091 1 299313922 1 71375387 1 1176051
4640 1 475913266 1 307453898 1 73969935 1 1190517
4650 1 478287307 1 304038962 1 71419613 1 1179153
4660 1 478809924 1 301897280 1 76281412 1 1282680
4670 1 479083642 1 296824494 1 73510409 1 1324380
4680 1 480890913 1 302537164 1 72764559 1 1194833
4690 1 491448282 1 310922843 1 72120665 1 1212079
4700 1 484805419 1 307137723 1 72226182 1 1209909
4710 1 496020603 1 309305020 1 73238815 1 1338005
4720 1 491297165 1 313931075 1 72701866 1 1204050
4730 1 493231926 1 310933114 1 76319326 1 1218758
4740 1 497904029 1 313383919 1 73958161 1 1212755
4750 1 494030055 1 311527938 1 76202689 1 1209368
4760 1 504649532 1 316837359 1 74005041 1 1220570
4770 1 499289582 1 312131032 1 73357933 1 1217879
4780 1 508109297 1 313100427 1 77362797 1 1220864
4790 1 504043830 1 320277912 1 74383014 1 1222555
4800 1 507032616 1 313553553 1 73977785 1 1227638
4810 1 516512730 1 325711003 1 73964440 1 1235713
4820 1 512947322 1 325754755 1 74788823 1 1227063
4830 1 509353241 1 327407685 1 75034464 1 1235767
4840 1 516050150 1 335054732 1 74447359 1 1237190
4850 1 516831303 1 327440025 1 77002006 1 1240143
4860 1 524366785 1 329961784 1 78272937 1 1241181
4870 1 521927678 1 329773975 1 76858049 1 1250471
4880 1 525370295 1 329922025 1 76783024 1 1365935
4890 1 527303701 1 327669408 1 74718413 1 1281730
4900 1 527106844 1 331097237 1 75022633 1 1257993
4910 1 521074256 1 322657979 1 75026722 1 1282022
4920 1 523349877 1 327530575 1 77071147 1 1313888
4930 1 531153006 1 337438377 1 76232555 1 1265959
4940 1 526669437 1 332493954 1 75575299 1 1272686
4950 1 534194530 1 333058936 1 75705367 1 1343786
4960 1 531147600 1 331752715 1 75922055 1 1267434
4970 1 544146664 1 344524957 1 76163498 1 1286219
4980 1 546952526 1 339311545 1 76984026 1 1294356
4990 1 548362546 1 349322662 1 77519604 1 1293353
5000 1 545817714 1 341193455 1 77014817 1 1279691
5010 1 545757669 1 344204177 1 76582734 1 1277223
5020 1 545884229 1 339658662 1 76829886 1 1276242
5030 1 556385489 1 346901460 1 77169609 1 1300327
5040 1 548802525 1 340970885 1 77499393 1 1297249
5050 1 553074774 1 339799650 1 79843262 1 1309610
5060 1 562089418 1 355985018 1 78286492 1 1302113
5070 1 559535092 1 353139163 1 78610546 1 1300379
5080 1 558434997 1 348875540 1 78345993 1 1303932
5090 1 566428397 1 354739709 1 79249778 1 1322870
5100 1 562294307 1 352431389 1 78720099 1 1322948
5110 1 566470065 1 355519024 1 78732062 1 1320221
5120 1 573182721 1 361060522 1 79128680 1 1324754
5130 1 578748624 1 371231095 1 81374956 1 1321625
5140 1 569937783 1 357700659 1 84853631 1 1320964
5150 1 572994271 1 360360082 1 78878802 1 1320562
5160 1 575555892 1 369984696 1 79518120 1 1334840
5170 1 580028771 1 365817826 1 79245750 1 1352377
5180 1 581367313 1 370243032 1 81586069 1 1332727
5190 1 584145385 1 368115085 1 79875213 1 1346084
5200 1 584041183 1 380749182 1 79609172 1 1352576
5210 1 590855026 1 369746941 1 79598341 1 1341195
5220 1 588221980 1 367078709 1 79799489 1 1344466
5230 1 598432605 1 371558127 1 80140371 1 1418506
5240 1 595122828 1 376788232 1 80244510 1 1356558
5250 1 599364669 1 370108232 1 80303979 1 1350128
5260 1 606362726 1 379258618 1 80784684 1 1373885
5270 1 600571352 1 376619517 1 80850043 1 1366844
5280 1 607368915 1 385467581 1 86829176 1 1369188
5290 1 604256957 1 381416308 1 80893019 1 1374132
5300 1 612354164 1 391050191 1 81311700 1 1387191
5310 1 607934577 1 387210052 1 81348933 1 1370110
5320 1 613745829 1 380492332 1 82212386 1 1387608
5330 1 616640244 1 388341253 1 81701180 1 1381479
5340 1 626983656 1 395085848 1 82179781 1 1399166
5350 1 621017492 1 389215730 1 81830758 1 1410682
5360 1 625704309 1 391834994 1 82185057 1 1393872
5370 1 634307266 1 394524770 1 82336495 1 1385446
5380 1 627418731 1 398195700 1 83262002 1 3222647
5390 1 627798786 1 408769391 1 85586341 1 1396237
5400 1 636997834 1 398116731 1 82550145 1 1402099
5410 1 638004321 1 410838548 1 82922307 1 1426192
5420 1 645138021 1 404424700 1 82664550 1 1404553
5430 1 640450634 1 399936214 1 84934019 1 1409936
5440 1 639549477 1 407438897 1 83176244 1 1422918
5450 1 640046101 1 395228091 1 85588046 1 1442978
5460 1 645145076 1 415571477 1 83482261 1 1412253
5470 1 654772203 1 413000740 1 83582640 1 1414602
5480 1 650822113 1 400191049 1 83802286 1 1419329
5490 1 654069023 1 411996032 1 91269959 1 1450372
5500 1 654499825 1 412591956 1 84339144 1 1439602
5510 1 657628136 1 417603604 1 84305553 1 1414663
5520 1 662180844 1 414999182 1 84611481 1 1431505
5530 1 664083244 1 423228008 1 86533641 1 1446765
5540 1 666099220 1 416016993 1 84790390 1 1435666
5550 1 667413843 1 416756680 1 85173688 1 1434036
5560 1 667810867 1 418337409 1 85458342 1 1454676
5570 1 681514601 1 421605591 1 85107661 1 1445128
5580 1 672235269 1 429189468 1 87904864 1 1451025
5590 1 683097168 1 432926469 1 86023939 1 1461606
5600 1 676651074 1 427716628 1 87909813 1 1455865
5610 1 678291677 1 428143938 1 85779951 1 1460395
5620 1 685788482 1 430087888 1 88114742 1 1598634
5630 1 683766693 1 427379129 1 86747322 1 1467945
5640 1 691666508 1 433413966 1 86310309 1 1570126
5650 1 688377785 1 443237901 1 86802238 1 1472917
5660 1 693192175 1 438664139 1 86371098 1 1513899
5670 1 701403634 1 436355075 1 86707054 1 1478940
5680 1 696190676 1 439786615 1 86744991 1 1476303
5690 1 699942810 1 433851038 1 88121489 1 1545642
5700 1 702379898 1 442843237 1 87327519 1 3391620
5710 1 703262660 1 444954686 1 93562414 1 1496986
5720 1 706572330 1 444756016 1 87511899 1 1490002
5730 1 709975936 1 447429968 1 87694863 1 1491935
5740 1 714232544 1 449145751 1 88181752 1 1516874
5750 1 716860888 1 449088528 1 88156637 1 1489676
5760 1 715673126 1 455823720 1 88011415 1 1500713
5770 1 717479658 1 452283530 1 88608115 1 1496435
5780 1 727110557 1 462326555 1 88391337 1 1495819
5790 1 723925878 1 455661656 1 90589482 1 1533717
5800 1 728651652 1 461622895 1 88794235 1 1517984
5810 1 738288504 1 459219921 1 89180307 1 1506939
5820 1 730662791 1 468670120 1 90971773 1 1519063
5830 1 736010255 1 462685198 1 89743792 1 1515021
5840 1 745625668 1 470501142 1 89671474 1 1519614
5850 1 741648579 1 481936779 1 91564084 1 1526576
5860 1 746061008 1 470771645 1 89956654 1 1527941
5870 1 753221827 1 472123149 1 89768705 1 1522801
5880 1 749383452 1 477282816 1 92256807 1 1529849
5890 1 752128207 1 466007545 1 90149431 1 1533544
5900 1 758829318 1 476582013 1 90433067 1 1548780
5910 1 753650886 1 482750925 1 90658549 1 1536505
5920 1 759402639 1 481924448 1 90389032 1 1552137
5930 1 767332089 1 473928761 1 90614425 1 1555726
5940 1 761069174 1 486717577 1 93106585 1 1544896
5950 1 766169912 1 489843492 1 91022322 1 1580427
5960 1 772313668 1 483274004 1 91268618 1 1555346
5970 1 773195204 1 496836512 1 91070909 1 1631123
5980 1 773683124 1 488650760 1 97973337 1 1566025
5990 1 778761262 1 489305466 1 91645194 1 1570887
6000 1 775833665 1 486338720 1 91745230 1 1588016
6010 1 779864399 1 489274994 1 91805306 1 1594476
6020 1 789006510 1 491930679 1 92196758 1 1583306
6030 1 792621589 1 495150251 1 92037910 1 1585259
6040 1 788728645 1 501630899 1 92402444 1 1573796
6050 1 796338957 1 502747359 1 92563434 1 1578688
6060 1 805318464 1 504793192 1 93053365 1 1600824
6070 1 801774524 1 509939489 1 92931262 1 1617829
6080 1 796885358 1 503775674 1 93176483 1 1622269
6090 1 803297315 1 502593815 1 93634111 1 1586468
6100 1 806269445 1 513066543 1 93367806 1 1608903
6110 1 805438995 1 519655041 1 98226162 1 1599954
6120 1 805102987 1 506357879 1 93500895 1 1598592
6130 1 818412317 1 513207634 1 93813754 1 1606260
6140 1 817903492 1 524841599 1 95375206 1 1787184
6150 1 813877849 1 516893585 1 94086812 1 1620008
6160 1 820786396 1 517239476 1 94470532 1 1632707
6170 1 824000510 1 508560779 1 94548618 1 1610623
6180 1 824494686 1 523972761 1 94672476 1 1618025
6190 1 826292847 1 525310092 1 97143209 1 1628410
6200 1 828991467 1 517334909 1 95013817 1 1626926
6210 1 839850702 1 524419535 1 95078642 1 1641013
6220 1 837452801 1 536894527 1 95184320 1 1630323
6230 1 834320289 1 526126700 1 97285327 1 1649344
6240 1 840806487 1 526483397 1 95278374 1 1662480
6250 1 852991015 1 534621869 1 95752507 1 1641886
6260 1 845507673 1 539040938 1 96447149 1 1636032
6270 1 847583315 1 537775004 1 98575834 1 1741214
6280 1 852501709 1 530865618 1 96533849 1 1651719
6290 1 860090464 1 535864841 1 96334139 1 1763436
6300 1 863745205 1 552781635 1 96489674 1 1671501
6310 1 859448782 1 550753988 1 96954271 1 1671519
6320 1 866412627 1 542483302 1 98797996 1 1653796
6330 1 870491398 1 549408495 1 97261301 1 1650132
6340 1 871281284 1 549618150 1 96959775 1 1666299
6350 1 876915698 1 553831410 1 97335759 1 1674483
6360 1 872176643 1 549005135 1 97231476 1 3653385
6370 1 880936968 1 558835765 1 97435204 1 1685970
6380 1 890057337 1 549232629 1 98237082 1 1685018
6390 1 893372453 1 563733787 1 97602216 1 1758796
6400 1 884107802 1 558669131 1 100242996 1 1714899
6410 1 885648446 1 559500153 1 98225530 1 1710831
6420 1 894605126 1 552247492 1 98231046 1 1691098
6430 1 902258152 1 562972176 1 98488897 1 1733218
6440 1 898712239 1 564789179 1 98780970 1 1696780
6450 1 898829951 1 573100189 1 105119180 1 1706808
6460 1 901478997 1 571141031 1 98800490 1 1700476
6470 1 906794641 1 565713230 1 99036416 1 1705467
6480 1 909707941 1 567093455 1 99635331 1 1710328
6490 1 913663573 1 582351641 1 102229788 1 1703265
6500 1 911859126 1 582382561 1 99316546 1 1701982
6510 1 917242917 1 574571271 1 101549895 1 1759083
6520 1 925957201 1 580494355 1 99775023 1 1713670
6530 1 921367477 1 569395990 1 100600767 1 1721072
6540 1 931598663 1 582777688 1 100994327 1 1712602
6550 1 927581756 1 584659712 1 100423192 1 1730867
6560 1 935106772 1 591871716 1 100187067 1 1722597
6570 1 935839581 1 591504671 1 100446451 1 2035297
6580 1 938788408 1 587078260 1 100559062 1 1742574
6590 1 943454714 1 595170502 1 105771065 1 1747646
6600 1 946179759 1 598631952 1 101269777 1 1781367
6610 1 952047448 1 590294575 1 101305003 1 1746598
6620 1 953701171 1 600170406 1 101486700 1 1765732
6630 1 955410041 1 607943060 1 101387247 1 1753549
6640 1 948464549 1 591339426 1 108268705 1 1750969
6650 1 956410226 1 607958592 1 103137635 1 1758357
6660 1 960439198 1 603565626 1 101956658 1 1771041
6670 1 963839563 1 601333403 1 102390695 1 1778132
6680 1 968271684 1 605730266 1 103693714 1 1765034
6690 1 966103125 1 608502935 1 102412460 1 1767746
6700 1 969722472 1 623617405 1 102665082 1 1768216
6710 1 970060344 1 611570007 1 108822597 1 1778655
6720 1 973098614 1 601438442 1 102809801 1 1776672
6730 1 976021662 1 601910045 1 102968488 1 1802551
6740 1 981890984 1 614927146 1 103220960 1 1783144
6750 1 989151817 1 616261133 1 103713101 1 1777320
6760 1 986243494 1 624887764 1 103269830 1 1808448
6770 1 991882799 1 640487764 1 103871106 1 1829609
6780 1 993067173 1 637324188 1 106271524 1 1830959
6790 1 994530435 1 625975805 1 103738956 1 1796283
6800 1 1002246144 1 628583124 1 104122151 1 1797954
6810 1 1013928281 1 638703942 1 106698766 1 1811435
6820 1 1016016062 1 626539377 1 104629725 1 1813754
6830 1 1020415096 1 638781561 1 104373140 1 1808036
6840 1 1024154978 1 646447931 1 104680754 1 1823122
6850 1 1019404362 1 639363134 1 104865939 1 1827733
6860 1 1018437125 1 647943813 1 107321690 1 1813097
6870 1 1021384267 1 653243387 1 113082960 1 1838317
6880 1 1021734657 1 647042025 1 105473836 1 1821044
6890 1 1030029285 1 653033554 1 105830811 1 1856165
6900 1 1035038466 1 653704450 1 107726794 1 1857252
6910 1 1042490895 1 656767766 1 105866320 1 1842291
6920 1 1043215133 1 653222547 1 106021817 1 1833172
6930 1 1038910367 1 659532733 1 106301394 1 1843692
6940 1 1043453228 1 658072425 1 106100053 1 1891932
6950 1 1053675970 1 658871752 1 106460601 1 1850229
6960 1 1055363184 1 663830980 1 106511580 1 1874177
6970 1 1053838783 1 654261822 1 109606688 1 1863355
6980 1 1058870758 1 664026907 1 106778431 1 1847463
6990 1 1063834037 1 666001622 1 107146839 1 1856118
7000 1 1068741134 1 678346462 1 107330065 1 1882466
7010 1 1066782426 1 679847523 1 107242818 1 1928505
7020 1 1067018289 1 676722749 1 107323196 1 1880740
7030 1 1075852559 1 681979170 1 107780643 1 1899629
7040 1 1071516895 1 683537796 1 109178808 1 1888923
7050 1 1076617841 1 679548915 1 110086373 1 1870028
7060 1 1081459397 1 677589007 1 108253410 1 1901760
7070 1 1083712989 1 691676911 1 108433057 1 1892954
7080 1 1088711084 1 692059805 1 110922118 1 1889434
7090 1 1095568077 1 695626898 1 110797869 1 1880728
7100 1 1094968686 1 697542743 1 108819676 1 1889281
7110 1 1099493925 1 691317328 1 108809879 1 1900965
7120 1 1100132200 1 683147102 1 110989373 1 1897608
7130 1 1099265329 1 686341027 1 112319235 1 2018597
7140 1 1110917565 1 703019273 1 111509763 1 1895777
7150 1 1107204126 1 706913065 1 111526178 1 1901440
7160 1 1109138001 1 697986614 1 109712864 1 1937304
7170 1 1116455956 1 692847560 1 109698428 1 1947261
7180 1 1122129968 1 713703599 1 109902946 1 1939438
7190 1 1120505277 1 699829149 1 111456201 1 1918415
7200 1 1132895378 1 714307676 1 111026353 1 1915502
7210 1 1128096203 1 713703009 1 111683574 1 1916903
7220 1 1136068145 1 714337222 1 110445279 1 1940816
7230 1 1134700712 1 706298788 1 110745444 1 1937560
7240 1 1138290264 1 723700884 1 110906637 1 1931678
7250 1 1138553188 1 711555129 1 111214440 1 1959850
7260 1 1148820620 1 721371958 1 111263560 1 3992214
7270 1 1148244354 1 730880377 1 113430505 1 1937433
7280 1 1145979929 1 721692341 1 113565363 1 2045665
7290 1 1153219142 1 732975746 1 111433247 1 2114351
7300 1 1153269434 1 727291675 1 111675882 1 1971209
7310 1 1156779022 1 734851883 1 112092093 1 2134325
7320 1 1163360124 1 730176180 1 114212622 1 1948674
7330 1 1161428089 1 734160076 1 114388599 1 1952649
7340 1 1167661258 1 741056738 1 112331456 1 1971239
7350 1 1165839231 1 739137922 1 112399937 1 1963689
7360 1 1169498297 1 734833206 1 114584495 1 2013298
7370 1 1168735107 1 732623012 1 114816239 1 1987086
7380 1 1185635894 1 755381795 1 112977630 1 1977254
7390 1 1183790775 1 750554722 1 113391384 1 1985981
7400 1 1184482711 1 746539121 1 113532234 1 1991945
7410 1 1188936821 1 744559194 1 113874577 1 2062608
7420 1 1190430798 1 754450871 1 113650204 1 1978897
7430 1 1202429318 1 764666429 1 113893077 1 1981089
7440 1 1205503016 1 759505961 1 113770798 1 1979049
7450 1 1202847033 1 756751296 1 114942433 1 2002190
7460 1 1212304833 1 764917077 1 114038483 1 1991971
7470 1 1215290924 1 772078954 1 116751155 1 2133314
7480 1 1214300908 1 771363313 1 114520529 1 2014890
7490 1 1221387967 1 770412663 1 115223239 1 2022941
7500 1 1220479967 1 769771834 1 117184887 1 2027563
7510 1 1218417089 1 770711121 1 115457151 1 2106237
7520 1 1222923341 1 780382327 1 117278029 1 2007469
7530 1 1228256725 1 771422696 1 115250672 1 2020151
7540 1 1233710041 1 783497384 1 115606755 1 2018081
7550 1 1238617854 1 784199527 1 115851207 1 2068121
7560 1 1238611573 1 783870611 1 115766199 1 2028394
7570 1 1242963390 1 771916893 1 117892534 1 2097759
7580 1 1263142766 1 779848563 1 118404163 1 2040033
7590 1 1253371915 1 787385002 1 134550489 1 2038749
7600 1 1267485846 1 796638339 1 116684590 1 2090907
7610 1 1271270233 1 793392094 1 117173131 1 2124644
7620 1 1265356701 1 797133270 1 116778883 1 2041081
7630 1 1265720154 1 799093423 1 117505965 1 2085212
7640 1 1265695704 1 805420579 1 117416738 1 2045122
7650 1 1270699368 1 798074355 1 117004272 1 2056089
7660 1 1279807172 1 797403310 1 118094345 1 2124832
7670 1 1274060360 1 798965830 1 117885469 1 2055159
7680 1 1279443891 1 790844259 1 117920025 1 2072864
7690 1 1281488727 1 811869971 1 117796766 1 2130798
7700 1 1284483620 1 815453690 1 117742881 1 2067358
7710 1 1287483754 1 806586475 1 118230154 1 2070555
7720 1 1293633543 1 822426072 1 118340933 1 2086092
7730 1 1299744220 1 815325629 1 118303660 1 2077146
7740 1 1300428337 1 814902570 1 122765057 1 2067804
7750 1 1300833322 1 818417196 1 118710418 1 2089120
7760 1 1308411379 1 823372256 1 119175696 1 2121810
7770 1 1313376872 1 832842185 1 119113931 1 2111224
7780 1 1309809854 1 825159664 1 119529072 1 2104002
7790 1 1324923493 1 836126396 1 120389466 1 2073460
7800 1 1329526783 1 840689527 1 121604280 1 2110182
7810 1 1319988116 1 830705099 1 119541180 1 2128764
7820 1 1320827788 1 828763085 1 119958647 1 2107920
7830 1 1361966057 1 862647315 1 120798855 1 2125902
7840 1 1341459683 1 846154243 1 120128014 1 2129498
7850 1 1340891625 1 833472009 1 120126618 1 2142811
7860 1 1347561834 1 833872535 1 120367937 1 2139734
7870 1 1339848858 1 838108152 1 122689769 1 2128079
7880 1 1340206262 1 853515680 1 121319310 1 2121441
7890 1 1352630576 1 851945579 1 121020551 1 2129632
7900 1 1357125933 1 863401553 1 121304112 1 2122221
7910 1 1360915567 1 843740924 1 127884853 1 2220087
7920 1 1358459994 1 862246875 1 121336255 1 2136682
7930 1 1361109735 1 870083419 1 123611117 1 2131864
7940 1 1367236798 1 860568123 1 121460700 1 2137818
7950 1 1369407793 1 861058702 1 122141063 1 2307830
7960 1 1377916787 1 858739926 1 128131368 1 2145632
7970 1 1376792047 1 870315767 1 124786810 1 2150579
7980 1 1379699372 1 888391284 1 122890174 1 2172167
7990 1 1384219610 1 868251589 1 122576575 1 2333191
8000 1 1386077031 1 867787887 1 122444134 1 2137749
8010 1 1397708869 1 878548603 1 124866954 1 2150334
8020 1 1387018546 1 873579447 1 124856744 1 2202260
8030 1 1395818647 1 892175572 1 123898729 1 2157214
8040 1 1405459272 1 879930763 1 122942823 1 2177489
8050 1 1410724157 1 886113770 1 123439097 1 2171472
8060 1 1412071582 1 895139606 1 123228034 1 2170980
8070 1 1409311355 1 888769453 1 124649706 1 2177563
8080 1 1416540283 1 895135286 1 123837185 1 2172395
8090 1 1417279698 1 892510734 1 124587720 1 2266312
8100 1 1422330922 1 882998006 1 124936441 1 2281598
8110 1 1429850881 1 908473218 1 124462849 1 2187050
8120 1 1431147565 1 921989051 1 124613307 1 2232065
8130 1 1435914735 1 900375439 1 124580631 1 2188565
8140 1 1437461821 1 906771878 1 127105740 1 2210970
8150 1 1438944275 1 910919374 1 126967308 1 2241197
8160 1 1441389559 1 908583324 1 124986141 1 2297282
8170 1 1450444328 1 902868377 1 124993368 1 2216175
8180 1 1454460229 1 906317438 1 125268567 1 2211334
8190 1 1456246105 1 931251462 1 125186722 1 2215478
8200 1 1458878508 1 920779077 1 125927523 1 2217883
8210 1 1462630279 1 921865384 1 125655691 1 2220324
8220 1 1470182094 1 933096511 1 128063165 1 2235978
8230 1 1466034900 1 929366495 1 126021453 1 2217475
8240 1 1476265460 1 926362534 1 126197977 1 2239441
8250 1 1479434045 1 928003890 1 128458975 1 2252602
8260 1 1472236214 1 931242874 1 126522913 1 2427444
8270 1 1487661416 1 940901547 1 127117808 1 2258674
8280 1 1487500193 1 930575016 1 129524477 1 2241853
8290 1 1485369392 1 933431293 1 127024096 1 2260363
8300 1 1493693458 1 946185291 1 127297277 1 2249244
8310 1 1496582393 1 938096628 1 127343217 1 2312172
8320 1 1496793961 1 945172462 1 129433367 1 2264854
8330 1 1496680537 1 945190364 1 127398086 1 2262837
8340 1 1514204522 1 942416652 1 127516023 1 2274568
8350 1 1506618530 1 947487115 1 129996427 1 2278122
8360 1 1514646683 1 955722749 1 128002906 1 2285205
8370 1 1515191054 1 945070466 1 130393110 1 2294739
8380 1 1525488507 1 968276816 1 130223218 1 2269853
8390 1 1518914260 1 949749032 1 128456446 1 2257933
8400 1 1535913058 1 954103393 1 129060763 1 2267742
8410 1 1536342547 1 987514501 1 131115123 1 2294918
8420 1 1532678812 1 973114187 1 128844811 1 2297448
8430 1 1547607116 1 972419920 1 131446706 1 2301543
8440 1 1543523226 1 989729702 1 129609890 1 2277056
8450 1 1552336945 1 970842221 1 129914756 1 2278227
8460 1 1555678919 1 989850537 1 130131189 1 2314916
8470 1 1559213004 1 980228349 1 129850058 1 2287982
8480 1 1560526228 1 981526336 1 130114379 1 2294047
8490 1 1563490575 1 981740330 1 130536747 1 2314819
8500 1 1563708061 1 982133495 1 130474433 1 2301817
8510 1 1571008991 1 975523625 1 130342253 1 2317431
8520 1 1574289057 1 1006016453 1 130759966 1 2288019
8530 1 1578401953 1 990014303 1 130595863 1 2414479
8540 1 1583632994 1 993900169 1 133030534 1 2331928
8550 1 1580443108 1 1004868706 1 130877138 1 2320161
8560 1 1592088546 1 991840123 1 133123583 1 2388708
8570 1 1586774856 1 1007101596 1 133375739 1 2320669
8580 1 1594481816 1 999478291 1 131627128 1 2335936
8590 1 1597115886 1 1000223804 1 131854898 1 2325625
8600 1 1610121410 1 1014654057 1 131696431 1 2351153
8610 1 1606475079 1 1011834973 1 134008984 1 2385745
8620 1 1613241106 1 1034863319 1 131860048 1 2337359
8630 1 1612394889 1 1004508470 1 132220473 1 2334022
8640 1 1618519273 1 1023051289 1 134371844 1 2339020
8650 1 1621145695 1 1031954153 1 132599985 1 2377322
8660 1 1629135416 1 1021942728 1 135005204 1 2344465
8670 1 1627956383 1 1031256055 1 132855668 1 2370476
8680 1 1634897543 1 1026957445 1 139540857 1 2370500
8690 1 1633590211 1 1027532256 1 133198119 1 2369572
8700 1 1644845555 1 1041476772 1 133556521 1 2359855
8710 1 1645485705 1 1038209178 1 134700107 1 2354215
8720 1 1644870123 1 1038964869 1 133419618 1 2364111
8730 1 1662162618 1 1045319288 1 138104159 1 2400680
8740 1 1649778096 1 1036818333 1 134080869 1 2364340
8750 1 1655265752 1 1027122329 1 136192695 1 2380692
8760 1 1673371792 1 1057538237 1 134488880 1 2373159
8770 1 1668014587 1 1056730708 1 134973648 1 2382482
8780 1 1673096607 1 1058133675 1 137062697 1 2386605
8790 1 1678671019 1 1066137645 1 136441333 1 2387199
8800 1 1679928193 1 1060567149 1 136929054 1 2410378
8810 1 1680838114 1 1057524161 1 135718840 1 2489318
8820 1 1689118537 1 1065998024 1 135015867 1 2429056
8830 1 1690363054 1 1054733422 1 135684724 1 2408649
8840 1 1700851677 1 1069815515 1 135270577 1 2426557
8850 1 1699627674 1 1069159276 1 135986959 1 2435991
8860 1 1701386133 1 1069351943 1 137787154 1 2417243
8870 1 1703002167 1 1060736730 1 135627772 1 2423053
8880 1 1713654423 1 1082580413 1 135927663 1 2427360
8890 1 1715962229 1 1075700899 1 136062618 1 2427068
8900 1 1723780590 1 1081680879 1 136299473 1 2428007
8910 1 1726383704 1 1087746883 1 138810995 1 2451653
8920 1 1724477181 1 1091815492 1 136606394 1 2419723
8930 1 1729249788 1 1086321423 1 139070562 1 2555208
8940 1 1729718578 1 1094667998 1 137542412 1 2424129
8950 1 1734936500 1 1090453815 1 137256930 1 2453168
8960 1 1736440825 1 1099819001 1 137483684 1 2436572
8970 1 1747553512 1 1112790414 1 139602850 1 2436293
8980 1 1744944855 1 1103344310 1 137898725 1 2449078
8990 1 1759470940 1 1117282450 1 137707409 1 2463232
9000 1 1753110114 1 1097479394 1 137994037 1 2458338
9010 1 1764368435 1 1125399894 1 138270132 1 2468572
9020 1 1764439905 1 1110746645 1 138603135 1 2458247
9030 1 1767175817 1 1114916059 1 138754677 1 2473648
9040 1 1764915792 1 1108047339 1 138564762 1 2510984
9050 1 1776029077 1 1127154557 1 139065897 1 2457522
9060 1 1778541985 1 1119625351 1 139166948 1 2491382
9070 1 1789393703 1 1122448146 1 139004431 1 2484867
9080 1 1780535005 1 1113173696 1 145332139 1 2474245
9090 1 1789954435 1 1124927857 1 139189834 1 2463772
9100 1 1796439371 1 1144761747 1 139563382 1 2486560
9110 1 1805010872 1 1132632255 1 143991035 1 2495301
9120 1 1800686383 1 1142828668 1 140175220 1 2509438
9130 1 1809056117 1 1147178588 1 140276908 1 2502409
9140 1 1808465890 1 1141916953 1 139849852 1 2490515
9150 1 1818339607 1 1139533654 1 142204637 1 2501652
9160 1 1819373639 1 1142381197 1 140346800 1 2507312
9170 1 1825027118 1 1149418409 1 140799345 1 2507154
9180 1 1832781385 1 1161238399 1 142671820 1 2507483
9190 1 1822535582 1 1142575276 1 140709068 1 2562972
9200 1 1837244146 1 1152197764 1 140784729 1 2511945
9210 1 1841680998 1 1165698316 1 143104804 1 2506835
9220 1 1841871355 1 1164502410 1 141264954 1 2569377
9230 1 1842280873 1 1165214624 1 141597498 1 2593476
9240 1 1864213780 1 1180899225 1 141723492 1 2520158
9250 1 1852616569 1 1177959964 1 141415708 1 2557145
9260 1 1863851699 1 1173969140 1 141693403 1 2548989
9270 1 1866971544 1 1188434911 1 142385072 1 2574479
9280 1 1870781857 1 1189069020 1 144181385 1 2528730
9290 1 1867844047 1 1168873934 1 148710358 1 2552529
9300 1 1868293380 1 1186247913 1 142556978 1 2543798
9310 1 1883618353 1 1196796011 1 144942484 1 2545386
9320 1 1889239472 1 1187277180 1 143619237 1 2557735
9330 1 1917335389 1 1190320657 1 147450016 1 2557492
9340 1 1902808589 1 1210043986 1 151673442 1 2552617
9350 1 1894725734 1 1218766620 1 143302709 1 2564041
9360 1 1917386827 1 1203085940 1 144123625 1 2548881
9370 1 1908681061 1 1199855967 1 145821207 1 2574402
9380 1 1910393643 1 1202844893 1 144387466 1 2560253
9390 1 1917006625 1 1217803885 1 143795366 1 2572960
9400 1 1914585931 1 1200831964 1 144136628 1 2607513
9410 1 1923758407 1 1214461716 1 145990451 1 2623005
9420 1 1922976181 1 1205470981 1 144305802 1 2593248
9430 1 1924258425 1 1213060329 1 144622501 1 2849050
9440 1 1937140441 1 1211620732 1 146795305 1 2597451
9450 1 1936046174 1 1224965011 1 144964749 1 2646163
9460 1 1957028866 1 1248760569 1 145098415 1 2698194
9470 1 1949814732 1 1229423055 1 146983237 1 2612385
9480 1 1947523217 1 1222769517 1 145248154 1 2605032
9490 1 1955846102 1 1237754291 1 145556321 1 2603107
9500 1 1953468190 1 1225288645 1 152802009 1 2603967
9510 1 1968337967 1 1246475824 1 148128065 1 2618854
9520 1 1960880324 1 1239995706 1 145963219 1 2681363
9530 1 1970505794 1 1243522566 1 146393060 1 2610414
9540 1 1981282144 1 1261301862 1 148291374 1 2622163
9550 1 1977649051 1 1251383438 1 146969834 1 2630574
9560 1 1982882596 1 1254220596 1 146620213 1 2624294
9570 1 1984558808 1 1247042395 1 148365633 1 2640471
9580 1 1988517015 1 1243764621 1 147381978 1 2671064
9590 1 1999341891 1 1272422828 1 147739571 1 2658713
9600 1 2001154682 1 1262046457 1 147537562 1 2734512
9610 1 2010510060 1 1275683408 1 149483826 1 2651296
9620 1 2007145519 1 1265702560 1 149243618 1 2641425
9630 1 2018604802 1 1261306414 1 147655558 1 2634467
9640 1 2013768088 1 1275357912 1 147701082 1 2668499
9650 1 2026626644 1 1288421591 1 150617229 1 2642705
9660 1 2025490989 1 1271962311 1 150444376 1 2641329
9670 1 2024694146 1 1277950811 1 148502123 1 2669392
9680 1 2044618006 1 1286085644 1 148903629 1 2681788
9690 1 2026051048 1 1271799170 1 148803918 1 2670542
9700 1 2042083118 1 1280513018 1 152047645 1 2760210
9710 1 2047246367 1 1274655956 1 155228367 1 2823782
9720 1 2042126549 1 1275221485 1 149138109 1 2684500
9730 1 2056884024 1 1298215797 1 149230754 1 2662067
9740 1 2058681714 1 1310959295 1 149311473 1 2696264
9750 1 2070990245 1 1316137844 1 152038756 1 2754991
9760 1 2067212743 1 1295591913 1 156643117 1 2686493
9770 1 2070333503 1 1306451465 1 150386408 1 2676562
9780 1 2075593255 1 1310483692 1 151425734 1 2697313
9790 1 2081878245 1 1319902552 1 151021824 1 2709804
9800 1 2090006418 1 1325406996 1 150516345 1 2700815
9810 1 2103095046 1 1319374838 1 152377558 1 2704458
9820 1 2086199026 1 1302547238 1 150386031 1 2706889
9830 1 2103290035 1 1325877485 1 150840989 1 2697031
9840 1 2098647517 1 1323628993 1 150503817 1 2716738
9850 1 2113131996 1 1337216679 1 151625108 1 2721301
9860 1 2112720946 1 1338147569 1 151199579 1 2715960
9870 1 2119607751 1 1345050657 1 153129757 1 2722518
9880 1 2127909025 1 1343772196 1 153411409 1 2746883
9890 1 2118097209 1 1341514902 1 152786045 1 2733727
9900 1 2128768615 1 1351318860 1 152135108 1 2747494
9910 1 2129327876 1 1342432267 1 151929998 1 2740713
9920 1 2129498753 1 1345853734 1 152061758 1 2728527
9930 1 2134694940 1 1329750192 1 152362871 1 2727482
9940 1 2150139377 1 1371419041 1 152291219 1 2765929
9950 1 2139231892 1 1335019864 1 156881371 1 2740211
9960 1 2161682608 1 1356130507 1 152712087 1 3124165
9970 1 2155107971 1 1357597860 1 152743314 1 2766186
9980 1 2167171909 1 1389492511 1 153761524 1 2743166
9990 1 2164656302 1 1368900056 1 153655125 1 2746770
10000 1 2166513609 1 1375251383 1 153080512 1 2741980
