0 1 6799 1 1963 1 6183 1 1875
10 1 10082 1 5762 1 31629 1 1517
20 1 47882 1 18521 1 27907 1 1347
30 1 56596 1 27335 1 56131 1 1559
40 1 96115 1 45880 1 57558 1 2263
50 1 146334 1 68952 1 73429 1 2669
60 1 204487 1 98256 1 95901 1 3561
70 1 272614 1 145988 1 120852 1 5051
80 1 368197 1 162230 1 143033 1 5175
90 1 484623 1 213825 1 173103 1 6201
100 1 680189 1 304109 1 189962 1 7380
110 1 738762 1 319153 1 195246 1 6928
120 1 819760 1 530588 1 231959 1 8200
130 1 1055555 1 465586 1 236370 1 8792
140 1 1080575 1 517546 1 267360 1 9758
150 1 1309835 1 633411 1 251042 1 10031
160 1 1481246 1 650773 1 263187 1 10010
170 1 1682617 1 929161 1 318079 1 11482
180 1 1800799 1 820262 1 320045 1 11744
190 1 1966157 1 1078408 1 377456 1 13067
200 1 2309934 1 1130970 1 325205 1 12680
210 1 2225493 1 1053027 1 337193 1 13885
220 1 2746481 1 1492579 1 408982 1 16436
230 1 2830113 1 1360047 1 413289 1 16663
240 1 3334538 1 1442728 1 385059 1 15721
250 1 3481869 1 1657998 1 468488 1 17921
260 1 3845581 1 1899136 1 509179 1 19573
270 1 4506495 1 2411139 1 515348 1 21540
280 1 4266851 1 2172840 1 514906 1 21781
290 1 4855467 1 2148909 1 473871 1 19859
300 1 5093090 1 2376823 1 536682 1 22436
310 1 5473010 1 2532604 1 671950 1 24159
320 1 7474814 1 3301998 1 657947 1 24094
330 1 6390767 1 2987468 1 616620 1 24906
340 1 6540464 1 3058485 1 628993 1 26416
350 1 7023881 1 3638178 1 646963 1 26778
360 1 7459136 1 3530463 1 754043 1 27644
370 1 7830159 1 4278514 1 730042 1 28945
380 1 8398202 1 4166836 1 751156 1 27089
390 1 8846723 1 4464519 1 793292 1 30730
400 1 9330780 1 4472180 1 779692 1 31299
410 1 9875718 1 4678155 1 802402 1 31209
420 1 10168508 1 5359255 1 923124 1 32815
430 1 10911566 1 5213774 1 842344 1 34888
440 1 11308144 1 5388971 1 888288 1 35371
450 1 11915350 1 5617448 1 879382 1 36279
460 1 12477593 1 6106315 1 901974 1 36484
470 1 13446220 1 7288467 1 888474 1 34254
480 1 15221360 1 6186774 1 988173 1 38739
490 1 14123420 1 6518603 1 920248 1 36380
500 1 15288325 1 7028074 1 903813 1 37318
510 1 15888842 1 7337283 1 1042464 1 40609
520 1 16862254 1 9094575 1 1041763 1 48450
530 1 17593826 1 8229986 1 1081701 1 44308
540 1 17965773 1 9774912 1 1150186 1 46891
550 1 18745655 1 8435063 1 1086119 1 44519
560 1 19363415 1 8556110 1 1341021 1 47609
570 1 20026977 1 10505945 1 1244724 1 45277
580 1 21427673 1 10062120 1 1218408 1 48386
590 1 22431105 1 10191636 1 1102168 1 44375
600 1 21501957 1 9777197 1 1234343 1 45659
610 1 23557617 1 11326069 1 1122100 1 46396
620 1 24066822 1 12685445 1 1296528 1 52272
630 1 25235163 1 11355536 1 1311436 1 53981
640 1 27731461 1 11706176 1 1339542 1 55342
650 1 26165609 1 12222556 1 1331460 1 49764
660 1 27458270 1 13291420 1 1296818 1 49915
670 1 28777663 1 15245070 1 1515279 1 55856
680 1 29349571 1 13433643 1 1455475 1 65009
690 1 30684044 1 13925853 1 1567610 1 57122
700 1 31031092 1 14266046 1 1414178 1 60135
710 1 32541536 1 15333114 1 1528874 1 55324
720 1 33098617 1 17676052 1 1496933 1 62901
730 1 34251026 1 15217264 1 1632836 1 61315
740 1 35005936 1 16356775 1 1545518 1 61662
750 1 37313445 1 17221473 1 1691609 1 62387
760 1 36128709 1 17135472 1 1776231 1 66425
770 1 38255344 1 19956475 1 1585604 1 67313
780 1 42146627 1 18472909 1 1635809 1 62976
790 1 40593429 1 18746179 1 1704424 1 69940
800 1 40903491 1 18551544 1 1715798 1 67552
810 1 42930652 1 19848727 1 1744449 1 69211
820 1 45586109 1 23687003 1 1953177 1 72712
830 1 46079730 1 20851130 1 1817464 1 70407
840 1 46235952 1 21328060 1 1778419 1 67247
850 1 47944135 1 21946201 1 1822225 1 90789
860 1 50469553 1 21557417 1 1985652 1 68865
870 1 48246967 1 24304752 1 1831231 1 76304
880 1 49573494 1 22137029 1 1917961 1 71260
890 1 52221325 1 23058501 1 1870718 1 76681
900 1 53001178 1 24595139 1 2012932 1 72477
910 1 54936438 1 25209553 1 2121442 1 89835
920 1 55633986 1 28113067 1 1916546 1 80586
930 1 55984697 1 26306650 1 1899639 1 88363
940 1 59339750 1 26849779 1 1967400 1 82931
950 1 60221924 1 26129394 1 1900452 1 82648
960 1 58082266 1 25940846 1 1960794 1 79096
970 1 60372664 1 30575775 1 1932402 1 79289
980 1 61032101 1 27257766 1 2192359 1 89155
990 1 63564325 1 29734875 1 2040724 1 82431
1000 1 64325257 1 27915560 1 2164482 1 87842
1010 1 67265786 1 31745992 1 2169965 1 88890
1020 1 70343507 1 35142165 1 2239598 1 101561
1030 1 70116633 1 31356752 1 2270562 1 91547
1040 1 69691287 1 32338186 1 2369262 1 87343
1050 1 70131192 1 31702210 1 2238113 1 86467
1060 1 74308593 1 34493675 1 2185472 1 88319
1070 1 77078061 1 37114302 1 2355881 1 90342
1080 1 77555852 1 35169726 1 2405007 1 90482
1090 1 79335401 1 35608990 1 2191805 1 91238
1100 1 77898947 1 35158311 1 2513013 1 97617
1110 1 81103804 1 38561129 1 2493283 1 105022
1120 1 83721701 1 43697908 1 2306879 1 95929
1130 1 85615180 1 37417969 1 2441440 1 101352
1140 1 84739872 1 37831777 1 2516276 1 100944
1150 1 88358905 1 40034820 1 2394255 1 97968
1160 1 88997495 1 40790132 1 2564521 1 97052
1170 1 90614615 1 45464285 1 2644864 1 106667
1180 1 91275870 1 41457758 1 2725489 1 109882
1190 1 93577951 1 41316247 1 2429858 1 102924
1200 1 93678398 1 42374867 1 2748504 1 112194
1210 1 96166956 1 42593538 1 2751379 1 113307
1220 1 97229195 1 47208799 1 2542168 1 113806
1230 1 97154720 1 43436105 1 2752738 1 104814
1240 1 117317880 1 45150998 1 2852857 1 110732
1250 1 103039632 1 47110432 1 2676218 1 118429
1260 1 109048493 1 51001388 1 2828124 1 134627
1270 1 108772399 1 47321925 1 2874409 1 109524
1280 1 110948702 1 49776600 1 3109037 1 132170
1290 1 112592539 1 50275650 1 2992382 1 121844
1300 1 113832850 1 51404091 1 2961801 1 147590
1310 1 116163492 1 53690096 1 2897788 1 114565
1320 1 115499596 1 50334625 1 2829218 1 129367
1330 1 117994016 1 52432058 1 3294150 1 114513
1340 1 127491949 1 56432366 1 3020700 1 130064
1350 1 121857659 1 56478549 1 2802247 1 141975
1360 1 123259687 1 55746450 1 3007828 1 131202
1370 1 126926451 1 58128271 1 3107112 1 138911
1380 1 129420682 1 55833854 1 3405965 1 133529
1390 1 129130879 1 58827463 1 3070996 1 122343
1400 1 133433922 1 62465835 1 3075130 1 126021
1410 1 134633791 1 62164909 1 3215690 1 132133
1420 1 135181852 1 60551399 1 3299456 1 127584
1430 1 133901882 1 58606173 1 3027776 1 133049
1440 1 140516007 1 62670420 1 3303347 1 155785
1450 1 141484650 1 64333111 1 3066990 1 138906
1460 1 142569019 1 63740569 1 3427673 1 141923
1470 1 145782698 1 65365271 1 3288302 1 149294
1480 1 150160836 1 66612998 1 3574654 1 145347
1490 1 148577516 1 66746804 1 3278857 1 138004
1500 1 150225155 1 67149414 1 3324155 1 132845
1510 1 171832064 1 68658681 1 6025716 1 432392
1520 1 183276700 1 76507412 1 3255169 1 137132
1530 1 170997930 1 77708146 1 3514491 1 137926
1540 1 173800188 1 75864400 1 3730844 1 237093
1550 1 172365252 1 77949179 1 3501156 1 139863
1560 1 179174016 1 83354684 1 3327556 1 140056
1570 1 175180477 1 80185990 1 3619223 1 155651
1580 1 181611359 1 81809685 1 4043870 1 196831
1590 1 180829150 1 79777398 1 4612853 1 163284
1600 1 180392891 1 86604300 1 3534509 1 143694
1610 1 187022480 1 110663072 1 3572645 1 146285
1620 1 188262528 1 85704005 1 4842503 1 162654
1630 1 202006017 1 101967897 1 3376421 1 146681
1640 1 196429162 1 87013605 1 4909300 1 148122
1650 1 201689710 1 97341440 1 3524291 1 150609
1660 1 216204400 1 83485989 1 3441458 1 152288
1670 1 188546283 1 86490342 1 3783208 1 163738
1680 1 197137735 1 87170213 1 3690513 1 165716
1690 1 194559272 1 90477472 1 4004420 1 152964
1700 1 198044093 1 85646651 1 3758843 1 153364
1710 1 198575557 1 90231107 1 4056833 1 170271
1720 1 205230513 1 90387437 1 4052011 1 182745
1730 1 202245760 1 90726458 1 3944025 1 172455
1740 1 219278965 1 107069732 1 4192613 1 174957
1750 1 228054912 1 114986042 1 4146986 1 177748
1760 1 215301173 1 99825597 1 4009895 1 178722
1770 1 224133106 1 92840891 1 4223567 1 173251
1780 1 228147437 1 108133383 1 4163192 1 162995
1790 1 226516192 1 99045902 1 3919922 1 160491
1800 1 218437505 1 98094110 1 4019745 1 180360
1810 1 224345124 1 96886288 1 4116969 1 163254
1820 1 223188796 1 95800243 1 3992349 1 180585
1830 1 227918239 1 107575117 1 4375986 1 175127
1840 1 229136934 1 99302835 1 3937904 1 165341
1850 1 231002376 1 105270106 1 4134441 1 176530
1860 1 249183057 1 107320226 1 4344065 1 171620
1870 1 231237939 1 104698418 1 4301181 1 182389
1880 1 247921140 1 124204424 1 4137769 1 173110
1890 1 236585699 1 104084776 1 4387686 1 210864
1900 1 252791849 1 120096246 1 4583779 1 170073
1910 1 243993948 1 110585776 1 4210778 1 171580
1920 1 249764482 1 109560504 1 4284344 1 175452
1930 1 263799218 1 110881327 1 4164622 1 194301
1940 1 255661390 1 114767155 1 4571278 1 189786
1950 1 269270341 1 128988864 1 4839281 1 191882
1960 1 263699413 1 117381911 1 4101444 1 180595
1970 1 276044481 1 131257782 1 4701549 1 181406
1980 1 273691527 1 121157852 1 4255845 1 210038
1990 1 278992009 1 118937979 1 4514535 1 180241
2000 1 289812821 1 124494858 1 4448004 1 183243
2010 1 281254020 1 140631468 1 4589418 1 205047
2020 1 280150880 1 126161969 1 4900494 1 205797
2030 1 291898581 1 121104772 1 4621036 1 200164
2040 1 291410335 1 129730764 1 4559756 1 209623
2050 1 277810119 1 124537186 1 4470295 1 186107
2060 1 302372185 1 130883297 1 4382205 1 187002
2070 1 287815023 1 124324039 1 4396559 1 187419
2080 1 310468056 1 143915875 1 4503077 1 204087
2090 1 302678293 1 137051700 1 4726271 1 190699
2100 1 305634104 1 140292856 1 4944566 1 190411
2110 1 309489612 1 154142789 1 4539493 1 207998
2120 1 309366913 1 130811719 1 4684206 1 192082
2130 1 302391448 1 134201908 1 4602433 1 195156
2140 1 309410238 1 136246422 1 5051384 1 195335
2150 1 311219046 1 140098893 1 4797577 1 195807
2160 1 319847897 1 139411669 1 5769781 1 209796
2170 1 311952330 1 136942272 1 4819416 1 198130
2180 1 319672482 1 140855369 1 4995727 1 198020
2190 1 322180690 1 146141240 1 5298996 1 219499
2200 1 331138991 1 146240307 1 5086344 1 224102
2210 1 330254503 1 140742833 1 4793930 1 222406
2220 1 330494341 1 151827313 1 5360507 1 216233
2230 1 329276929 1 144008310 1 4800572 1 204796
2240 1 332322027 1 149582127 1 5212363 1 207390
2250 1 339919807 1 150552210 1 5253865 1 208250
2260 1 341003269 1 151659309 1 4910490 1 208518
2270 1 349522425 1 168942014 1 5384897 1 209209
2280 1 360201634 1 167312732 1 5152110 1 208376
2290 1 352294144 1 151546662 1 5408652 1 225617
2300 1 376026413 1 155311759 1 5114619 1 210794
2310 1 355782740 1 159843118 1 5417639 1 213878
2320 1 362768993 1 159528887 1 5485219 1 213069
2330 1 363148878 1 164755038 1 5373446 1 214501
2340 1 368394611 1 169153491 1 5333526 1 215737
2350 1 369138192 1 163393527 1 5128053 1 216247
2360 1 377938868 1 166524329 1 5382560 1 218701
2370 1 377931806 1 178809891 1 5685886 1 217260
2380 1 382266815 1 171362347 1 5119188 1 245315
2390 1 377789461 1 164802347 1 5328407 1 218404
2400 1 405102861 1 169534204 1 5628886 1 224598
2410 1 388561036 1 175318959 1 5969281 1 255202
2420 1 419915904 1 196766753 1 5387645 1 222131
2430 1 392547879 1 171916741 1 5320969 1 223786
2440 1 424378409 1 180254035 1 5784448 1 226365
2450 1 419921338 1 187915697 1 5685996 1 227012
2460 1 403407699 1 180714787 1 5232101 1 251001
2470 1 413085339 1 190353394 1 5428348 1 230350
2480 1 424023999 1 183528914 1 6142791 1 254389
2490 1 412247039 1 181570966 1 6076086 1 230909
2500 1 451611449 1 185231850 1 5671716 1 248366
2510 1 434621518 1 203175931 1 5655551 1 233715
2520 1 437585762 1 182030981 1 5713127 1 234553
2530 1 449919893 1 185656015 1 5506635 1 235490
2540 1 453318285 1 207884402 1 5874016 1 255521
2550 1 445360411 1 193892583 1 5845949 1 235835
2560 1 443471757 1 197978847 1 5892494 1 239109
2570 1 455955834 1 231734299 1 6066921 1 240418
2580 1 446556363 1 201891023 1 5885517 1 240985
2590 1 452879868 1 199077370 1 6249060 1 258597
2600 1 468730194 1 195835473 1 7785106 1 265337
2610 1 474716132 1 197953857 1 5568968 1 242333
2620 1 474310022 1 201846875 1 5937067 1 244401
2630 1 467700736 1 209597607 1 5740182 1 246866
2640 1 513407049 1 234698372 1 5851705 1 263670
2650 1 466924309 1 206203809 1 5970000 1 274987
2660 1 492468709 1 213999776 1 5909294 1 250702
2670 1 473393106 1 205473252 1 5925624 1 249003
2680 1 508925676 1 211891053 1 5849936 1 252499
2690 1 489982440 1 220062825 1 6143858 1 255870
2700 1 485903283 1 214145754 1 6899063 1 253317
2710 1 509788054 1 232468496 1 6069321 1 289836
2720 1 513257148 1 218577104 1 5791480 1 258300
2730 1 530563998 1 247265792 1 6384179 1 258192
2740 1 569145254 1 249750987 1 7056283 1 288679
2750 1 577035597 1 254975843 1 7946449 1 291760
2760 1 550868216 1 262580352 1 6804761 1 288377
2770 1 574193083 1 225337112 1 6306348 1 265844
2780 1 519312756 1 231478594 1 6453438 1 284917
2790 1 567679195 1 228878464 1 6278226 1 283218
2800 1 551647059 1 239951659 1 6439345 1 268298
2810 1 549799789 1 256542113 1 6636333 1 295201
2820 1 566804299 1 231424919 1 6330329 1 266876
2830 1 547690358 1 233890844 1 6531594 1 296662
2840 1 544426310 1 242105730 1 6581554 1 270352
2850 1 603144820 1 239540393 1 6305431 1 271919
2860 1 557285991 1 247992208 1 8184309 1 325342
2870 1 577105991 1 240385463 1 7238181 1 277012
2880 1 552013422 1 239750201 1 6757832 1 276543
2890 1 550485743 1 238891576 1 6777916 1 293235
2900 1 564946621 1 249051917 1 6976012 1 296088
2910 1 571517372 1 255007573 1 6457895 1 297618
2920 1 573532527 1 257183324 1 6794238 1 275819
2930 1 577330739 1 254671519 1 6588163 1 279290
2940 1 603790030 1 255424169 1 6681626 1 280204
2950 1 583246479 1 255820553 1 7148678 1 299676
2960 1 612840438 1 261018031 1 7059177 1 281899
2970 1 604670821 1 286785492 1 7678618 1 302814
2980 1 621616422 1 299294894 1 7057434 1 320905
2990 1 631667990 1 267570984 1 6982905 1 283333
3000 1 596638666 1 259216361 1 6853246 1 285952
3010 1 613216822 1 273448686 1 6945121 1 307221
3020 1 619298640 1 270031660 1 6713542 1 289047
3030 1 615558885 1 272501638 1 7078591 1 289775
3040 1 625587198 1 282024678 1 6988340 1 291003
3050 1 616141799 1 266575070 1 7106555 1 288472
3060 1 635825890 1 292986280 1 6612321 1 292230
3070 1 632092642 1 277485809 1 7026193 1 293721
3080 1 640304884 1 283618469 1 7819706 1 317046
3090 1 645305255 1 274890375 1 7427106 1 300215
3100 1 662821219 1 283993051 1 6895863 1 300674
3110 1 656049734 1 287132790 1 7101600 1 334212
3120 1 692399359 1 322399905 1 7563625 1 297782
3130 1 663503792 1 294414018 1 7596381 1 349111
3140 1 663741802 1 289406778 1 7330758 1 334284
3150 1 662307800 1 291477093 1 7239320 1 322457
3160 1 712733103 1 335082987 1 7276175 1 316301
3170 1 670115039 1 292933703 1 7257312 1 307671
3180 1 737648856 1 348935119 1 7795911 1 309868
3190 1 699800998 1 312121939 1 7733383 1 309691
3200 1 706551738 1 298767107 1 7113218 1 312932
3210 1 686595642 1 307395576 1 7287570 1 331150
3220 1 737277617 1 346840297 1 7746462 1 310127
3230 1 704279586 1 314286413 1 7557034 1 313694
3240 1 708482193 1 308118535 1 7492937 1 336006
3250 1 722276132 1 337153574 1 7335196 1 342233
3260 1 725868996 1 323858550 1 7766790 1 314480
3270 1 729256944 1 320960715 1 7323750 1 317978
3280 1 728473292 1 316389946 1 7672981 1 352115
3290 1 790669149 1 366548612 1 8105336 1 355275
3300 1 744620972 1 322298045 1 7431184 1 318105
3310 1 800034120 1 400430970 1 8344383 1 324453
3320 1 780156654 1 326510701 1 7946063 1 337429
3330 1 747127279 1 329442180 1 7739834 1 321066
3340 1 755480606 1 339263058 1 7733009 1 325490
3350 1 748615474 1 325637833 1 7364716 1 323048
3360 1 811598524 1 384297384 1 7796335 1 344720
3370 1 759320532 1 331850393 1 8096696 1 382084
3380 1 767917213 1 333192207 1 7948069 1 327825
3390 1 776881139 1 350597187 1 7453530 1 350731
3400 1 780192871 1 343283311 1 7619082 1 361830
3410 1 802870502 1 394250462 1 7941256 1 350865
3420 1 824803393 1 391570662 1 7835443 1 356699
3430 1 810881702 1 342783025 1 7958140 1 334169
3440 1 791914857 1 352900667 1 8411794 1 354148
3450 1 877284711 1 365673895 1 8293820 1 336838
3460 1 832838620 1 383658329 1 8357127 1 365450
3470 1 875728727 1 351523580 1 8260713 1 340847
3480 1 859088240 1 408558120 1 7692135 1 340739
3490 1 898080095 1 410527830 1 8172392 1 348930
3500 1 840158457 1 383397475 1 8249957 1 365359
3510 1 896128091 1 362047796 1 8098120 1 367035
3520 1 848381375 1 380883777 1 7869108 1 361875
3530 1 944540300 1 424269548 1 8215796 1 347161
3540 1 847317036 1 371711772 1 8163211 1 394997
3550 1 859554993 1 376993660 1 7911199 1 349472
3560 1 950208257 1 432650810 1 8167191 1 355344
3570 1 909316754 1 391464816 1 8281818 1 387863
3580 1 871232628 1 384169438 1 7952008 1 397195
3590 1 924354138 1 445874151 1 8453666 1 353142
3600 1 949352155 1 446442818 1 8461638 1 354028
3610 1 958249617 1 393771026 1 8825359 1 405045
3620 1 972052678 1 429919574 1 8720159 1 356950
3630 1 990266663 1 448425347 1 8126530 1 355982
3640 1 944467262 1 389644788 1 8650255 1 382311
3650 1 908912628 1 395868773 1 8947848 1 421716
3660 1 975083961 1 393201087 1 8920292 1 409292
3670 1 979594673 1 435331764 1 8681362 1 394679
3680 1 949298097 1 406692104 1 8606380 1 412120
3690 1 975223105 1 472281080 1 8528973 1 363307
3700 1 963537634 1 445138286 1 8682481 1 429576
3710 1 940051371 1 419902267 1 8782362 1 369475
3720 1 989233476 1 408373360 1 9298278 1 365373
3730 1 934740169 1 406354083 1 8962773 1 370596
3740 1 1003529809 1 417119332 1 8768609 1 369166
3750 1 961620410 1 421092079 1 8441596 1 372505
3760 1 1038498562 1 420921725 1 8636773 1 470390
3770 1 957124454 1 417137411 1 8902424 1 387795
3780 1 1072217751 1 469882171 1 9171923 1 401248
3790 1 1003557057 1 425186528 1 8749109 1 372355
3800 1 1024623312 1 456040149 1 9477885 1 405738
3810 1 1034825381 1 496878387 1 8744887 1 403784
3820 1 1079711982 1 428370735 1 8740085 1 433657
3830 1 1014630114 1 489995350 1 8757603 1 377224
3840 1 1050584743 1 499575893 1 8995449 1 384635
3850 1 1010605111 1 440524373 1 9271167 1 422430
3860 1 1023836060 1 429067571 1 8658796 1 406988
3870 1 1036023697 1 466569947 1 9291173 1 384228
3880 1 1001823753 1 440398949 1 9488112 1 424483
3890 1 1016407174 1 448076860 1 9016627 1 387036
3900 1 1035947958 1 453032855 1 9506653 1 414900
3910 1 1063621862 1 481583284 1 9246705 1 442735
3920 1 1093491548 1 477606056 1 9417357 1 389724
3930 1 1063778704 1 472839842 1 9605793 1 418529
3940 1 1077026789 1 477044313 1 10142289 1 417368
3950 1 1090773568 1 481555048 1 9558991 1 394176
3960 1 1081398336 1 486569857 1 9702157 1 431420
3970 1 1104872852 1 476915204 1 9360747 1 398563
3980 1 1102230048 1 473862056 1 9058101 1 397095
3990 1 1086452254 1 476106347 1 10120551 1 400208
4000 1 1107361447 1 485321497 1 9675950 1 400265
4010 1 1108783127 1 487306103 1 9857602 1 459936
4020 1 1133017730 1 523586604 1 9353062 1 445106
4030 1 1112558027 1 480300012 1 9080984 1 403896
4040 1 1149321336 1 504364901 1 9686433 1 408239
4050 1 1124734439 1 509327876 1 9691602 1 405716
4060 1 1153970690 1 510950202 1 9967783 1 447917
4070 1 1208778346 1 520532504 1 9843432 1 442156
4080 1 1189134364 1 523434044 1 9703694 1 410836
4090 1 1187033640 1 503961506 1 9811003 1 446217
4100 1 1155158387 1 509502241 1 9468057 1 465266
4110 1 1237590123 1 528388707 1 9343312 1 411924
4120 1 1161001050 1 510300671 1 9498472 1 432966
4130 1 1163212764 1 519014503 1 10076824 1 481199
4140 1 1247300477 1 522929078 1 11057242 1 416320
4150 1 1202521595 1 525907309 1 10609059 1 415273
4160 1 1207651403 1 532469775 1 9812973 1 418493
4170 1 1211572149 1 518235139 1 9575421 1 417469
4180 1 1196630437 1 528129976 1 10318631 1 417046
4190 1 1249232352 1 545321580 1 9881954 1 418868
4200 1 1266742932 1 570264129 1 10469703 1 495340
4210 1 1311906362 1 646975308 1 9929720 1 449042
4220 1 1279635405 1 548862750 1 10106054 1 423423
4230 1 1248722073 1 566765100 1 9793118 1 465863
4240 1 1382587440 1 644800202 1 10246226 1 425586
4250 1 1268480180 1 586090199 1 10315570 1 499489
4260 1 1344830447 1 686138818 1 11070340 1 455859
4270 1 1303129214 1 573956249 1 11098091 1 471257
4280 1 1343461842 1 557778066 1 10711305 1 428405
4290 1 1327595235 1 646399395 1 10534842 1 457974
4300 1 1271123776 1 556352710 1 10526847 1 430304
4310 1 1294921391 1 565081313 1 9934050 1 431785
4320 1 1295075071 1 562630124 1 10316558 1 440320
4330 1 1344022426 1 575052981 1 10119859 1 464355
4340 1 1287010542 1 572742515 1 10907936 1 435605
4350 1 1430858574 1 675643181 1 10365328 1 466017
4360 1 1386576368 1 582293830 1 11249662 1 438919
4370 1 1302036368 1 575165658 1 11008482 1 493412
4380 1 1391436559 1 702379204 1 11114398 1 439456
4390 1 1402592876 1 588805253 1 10913076 1 485280
4400 1 1325733655 1 587787558 1 11309711 1 476432
4410 1 1443747309 1 598850964 1 11357802 1 506826
4420 1 1341829104 1 587899814 1 11259482 1 472569
4430 1 1481361365 1 655374755 1 10040856 1 549963
4440 1 1360440740 1 599170721 1 10735316 1 449046
4450 1 1352425607 1 590946521 1 11481248 1 448512
4460 1 1347009542 1 610296825 1 11584750 1 495322
4470 1 1392380570 1 591818272 1 11109255 1 497775
4480 1 1411483481 1 631406955 1 11325713 1 487050
4490 1 1391792167 1 609093008 1 10974289 1 454171
4500 1 1416293266 1 612462011 1 10956114 1 514894
4510 1 1441238698 1 625344378 1 10840731 1 486321
4520 1 1422202042 1 604999531 1 10599588 1 486089
4530 1 1403584169 1 618423375 1 10859782 1 484550
4540 1 1401993617 1 605110280 1 10736319 1 503952
4550 1 1402399777 1 624354965 1 11564013 1 460513
4560 1 1402804078 1 617395779 1 11347509 1 501131
4570 1 1420184344 1 613974393 1 10835969 1 464953
4580 1 1419976613 1 626403324 1 10810296 1 465276
4590 1 1413285260 1 618498594 1 11479132 1 489278
4600 1 1413382158 1 622882628 1 11006016 1 461998
4610 1 1425389427 1 635763352 1 11216824 1 464113
4620 1 1424016489 1 618843912 1 11414113 1 466596
4630 1 1436317455 1 627199724 1 10629969 1 468223
4640 1 1455476368 1 646138744 1 10789262 1 469884
4650 1 1441633972 1 636329517 1 10852121 1 469491
4660 1 1451801350 1 637457969 1 10778568 1 472095
4670 1 1435381102 1 618192184 1 11190754 1 468475
4680 1 1451474662 1 636382164 1 10702221 1 474744
4690 1 1471404244 1 648861868 1 10902573 1 473109
4700 1 1466168336 1 643237871 1 10984535 1 474204
4710 1 1501608348 1 656432096 1 11734363 1 476225
4720 1 1485672501 1 655954811 1 11106615 1 477836
4730 1 1556407627 1 738809597 1 10801174 1 475634
4740 1 1500580047 1 651760568 1 11839988 1 481911
4750 1 1490470015 1 655911074 1 11458988 1 480266
4760 1 1610402408 1 704284359 1 11426564 1 481437
4770 1 1540975372 1 647531724 1 10939556 1 481796
4780 1 1532599250 1 681535793 1 11172305 1 507441
4790 1 1591371395 1 712906844 1 11209519 1 536897
4800 1 1578641860 1 708361274 1 11727541 1 518990
4810 1 1617749318 1 710887042 1 11960503 1 488795
4820 1 1615241924 1 690908748 1 11897136 1 523708
4830 1 1588911019 1 694864767 1 11246081 1 493675
4840 1 1624119849 1 703281257 1 12136304 1 495756
4850 1 1637043188 1 715001932 1 12177214 1 541011
4860 1 1622528367 1 707485193 1 12088614 1 533944
4870 1 1757265213 1 720447280 1 11815144 1 540925
4880 1 1698275786 1 810593983 1 11870263 1 545105
4890 1 1753067328 1 852904865 1 11818441 1 512659
4900 1 1640672092 1 721786018 1 11950935 1 546987
4910 1 1644943146 1 728097027 1 13732198 1 600558
4920 1 1706553701 1 734091481 1 11482472 1 501436
4930 1 1668418503 1 743399719 1 12204989 1 503381
4940 1 1668197496 1 731751650 1 12161007 1 544509
4950 1 1692286005 1 748708230 1 12169501 1 505760
4960 1 1670437886 1 729461089 1 11319634 1 504204
4970 1 1742942882 1 739081384 1 11819271 1 530727
4980 1 1723175366 1 738419205 1 12101350 1 541208
4990 1 1760979220 1 820260465 1 11760855 1 510515
5000 1 1828990847 1 854652820 1 12434184 1 514334
5010 1 1720016997 1 755045787 1 11876902 1 546631
5020 1 1812267412 1 845149588 1 12219142 1 545304
5030 1 1722892471 1 763793807 1 12540288 1 517331
5040 1 1766682846 1 746342585 1 11760750 1 575497
5050 1 1828450040 1 741397375 1 12167005 1 516700
5060 1 1852318119 1 892251124 1 12481449 1 580752
5070 1 1775189080 1 782513591 1 12286383 1 551910
5080 1 1803606883 1 770857015 1 12447059 1 521019
5090 1 1781439343 1 774685753 1 12714394 1 557897
5100 1 1833149192 1 860726781 1 13784708 1 523736
5110 1 1775352062 1 777719829 1 11643093 1 527707
5120 1 1787120086 1 789571300 1 13552730 1 535031
5130 1 1802124914 1 787473872 1 12922119 1 527651
5140 1 1782038093 1 786148180 1 12874290 1 527284
5150 1 1903304640 1 777557872 1 12175567 1 525981
5160 1 1817734876 1 809910175 1 11989548 1 583592
5170 1 1949378463 1 879116854 1 12629922 1 532859
5180 1 1832551408 1 839678464 1 12178859 1 587569
5190 1 1880301543 1 791971449 1 12259780 1 536506
5200 1 1839168645 1 822797307 1 12989875 1 602282
5210 1 2012536356 1 871593794 1 12840241 1 587448
5220 1 1916399678 1 917845444 1 12485724 1 605375
5230 1 1890591178 1 834585891 1 13265975 1 536591
5240 1 1871032993 1 817246333 1 14168706 1 537199
5250 1 1976491118 1 814018155 1 13066817 1 539076
5260 1 1942516864 1 973164320 1 12745136 1 598613
5270 1 1940171712 1 821661307 1 13486379 1 545348
5280 1 1961729481 1 943750410 1 13314537 1 575702
5290 1 2003563567 1 971905152 1 13512829 1 545975
5300 1 1932919348 1 851162497 1 12757281 1 602217
5310 1 2021648005 1 948652586 1 12511485 1 584610
5320 1 2018035613 1 825206192 1 12743428 1 551946
5330 1 1939987172 1 855601743 1 13188339 1 553197
5340 1 1968015601 1 863410746 1 12962725 1 582887
5350 1 2000707218 1 855015541 1 12761372 1 586571
5360 1 2003349194 1 926336734 1 13561322 1 554663
5370 1 2141885509 1 910326326 1 13348865 1 553557
5380 1 1971615398 1 872142423 1 14398576 1 613913
5390 1 2232223726 1 1041807012 1 13074526 1 609980
5400 1 2236296985 1 1043226671 1 14434802 1 666372
5410 1 2241082719 1 993448029 1 13740731 1 660319
5420 1 2276808206 1 975137241 1 13856751 1 559362
5430 1 2337095447 1 1133633992 1 13891978 1 561686
5440 1 2133326652 1 917479843 1 13085465 1 566613
5450 1 2117612527 1 877799158 1 13186766 1 571475
5460 1 2238290153 1 978212012 1 15981712 1 604155
5470 1 2140189572 1 926477575 1 13075185 1 599109
5480 1 2109080662 1 893575580 1 13301981 1 568065
5490 1 2167728940 1 929328849 1 13283646 1 569669
5500 1 2109992498 1 951033991 1 13603571 1 568616
5510 1 2231387110 1 924771815 1 14094602 1 578546
5520 1 2129857136 1 947531701 1 13767225 1 571841
5530 1 2220702985 1 1036948086 1 13047984 1 643341
5540 1 2276295169 1 1085378987 1 14657650 1 634326
5550 1 2088232647 1 910469193 1 13318775 1 577003
5560 1 2179803374 1 922219292 1 13071167 1 612846
5570 1 2126567911 1 909272000 1 13919458 1 613211
5580 1 2188247609 1 1042256702 1 13926500 1 575737
5590 1 2326668923 1 946311956 1 13746547 1 578260
5600 1 2159227836 1 960454552 1 14430434 1 635415
5610 1 2172463932 1 1003032489 1 13427335 1 658337
5620 1 2169107775 1 933646390 1 13152695 1 581597
5630 1 2210425600 1 1011678589 1 14123849 1 584111
5640 1 2205915763 1 941983647 1 13843208 1 584391
5650 1 2200609435 1 948555011 1 13206689 1 590476
5660 1 2193208416 1 1016030023 1 13433873 1 651621
5670 1 2211334519 1 985757511 1 14174091 1 667651
5680 1 2213003329 1 977741257 1 14127323 1 619523
5690 1 2212749997 1 947751098 1 14294081 1 585112
5700 1 2205638902 1 954782905 1 14028352 1 588650
5710 1 2341408386 1 1122601021 1 13832100 1 630080
5720 1 2322737993 1 1015294421 1 14090696 1 665275
5730 1 2284950144 1 1038612444 1 15537978 1 660372
5740 1 2363896026 1 982229781 1 14394793 1 598363
5750 1 2328421708 1 994101551 1 16314352 1 657075
5760 1 2530504102 1 1126119502 1 13662037 1 603744
5770 1 2282712691 1 1015659532 1 14324304 1 601717
5780 1 2284982133 1 1009027637 1 14275566 1 615794
5790 1 2345216031 1 999785364 1 14996767 1 673209
5800 1 2345775268 1 1070243822 1 14677063 1 657338
5810 1 2318516838 1 1023648505 1 14436372 1 620574
5820 1 2347163415 1 1021554948 1 14407915 1 668543
5830 1 2387189769 1 1078806136 1 14197102 1 677686
5840 1 2446445489 1 1075598190 1 14367917 1 648325
5850 1 2373427809 1 1051394946 1 15120318 1 668595
5860 1 2410691154 1 1111070566 1 14502200 1 604889
5870 1 2369886061 1 1023318922 1 14117488 1 678517
5880 1 2412241880 1 1098320516 1 14394192 1 693256
5890 1 2377621809 1 1029645835 1 14943802 1 611893
5900 1 2497575821 1 1032044436 1 14320977 1 613860
5910 1 2508889459 1 1120578442 1 14166896 1 696659
5920 1 2540208322 1 1049396198 1 14275377 1 638208
5930 1 2385700424 1 1042703390 1 14722407 1 618726
5940 1 2529837888 1 1192033399 1 14614171 1 616961
5950 1 2448230561 1 1076416069 1 14869278 1 618492
5960 1 2564731374 1 1253768011 1 14757284 1 684820
5970 1 2443034998 1 1067814517 1 14763283 1 624975
5980 1 2616608922 1 1243742902 1 16483747 1 667123
5990 1 2457024056 1 1068847957 1 14737213 1 629308
6000 1 2505824699 1 1097222069 1 15052883 1 701740
6010 1 2476070418 1 1144857464 1 15824318 1 627832
6020 1 2596993353 1 1084508556 1 15720539 1 648238
6030 1 2499487765 1 1126845167 1 14994515 1 675985
6040 1 2534632540 1 1088545888 1 14890879 1 631647
6050 1 2498256122 1 1096838313 1 14374279 1 655541
6060 1 2511691550 1 1110823547 1 15112119 1 708583
6070 1 2516668673 1 1113295946 1 14225886 1 688962
6080 1 2534777840 1 1124809432 1 15461598 1 638126
6090 1 2517057897 1 1105335045 1 14227435 1 717678
6100 1 2545220415 1 1110342181 1 15049190 1 640157
6110 1 2571214739 1 1128707922 1 14422939 1 678263
6120 1 2568397306 1 1131944277 1 14567556 1 637933
6130 1 2617149061 1 1178619831 1 15038870 1 662512
6140 1 2659039768 1 1135360381 1 15716849 1 643396
6150 1 2616372554 1 1164940084 1 15620438 1 678262
6160 1 2776072500 1 1304457288 1 18831366 1 699687
6170 1 2739308804 1 1254722934 1 15753913 1 645087
6180 1 2657135124 1 1129462344 1 14735631 1 645818
6190 1 2598774330 1 1130581441 1 15203985 1 711066
6200 1 2627197316 1 1158003196 1 17408624 1 654884
6210 1 2617627474 1 1154621838 1 15719696 1 648350
6220 1 2664325821 1 1187478098 1 15433424 1 702849
6230 1 2627519914 1 1127667268 1 15025939 1 655164
6240 1 2643806134 1 1147919985 1 15049570 1 697858
6250 1 2711630438 1 1168356570 1 15069190 1 738293
6260 1 2660894023 1 1169021910 1 14962575 1 714655
6270 1 2662327220 1 1152178470 1 15669430 1 665079
6280 1 2656332764 1 1155171367 1 15657315 1 729840
6290 1 2673829636 1 1164642022 1 15197373 1 730342
6300 1 2691916838 1 1180007410 1 15468384 1 668720
6310 1 2762444909 1 1193717820 1 15092131 1 666487
6320 1 2703670957 1 1172203445 1 16233431 1 723364
6330 1 2719860143 1 1192061184 1 15306789 1 663235
6340 1 2846539610 1 1184645105 1 14660092 1 663371
6350 1 2734832898 1 1192375276 1 15764524 1 663597
6360 1 2789113831 1 1199344911 1 15875122 1 668889
6370 1 2778832856 1 1213889661 1 15471043 1 667146
6380 1 2849652302 1 1321617306 1 16989374 1 667718
6390 1 2828822997 1 1290105509 1 16424913 1 691401
6400 1 2779817411 1 1216123317 1 15968151 1 690248
6410 1 2883439314 1 1318109600 1 15817588 1 802128
6420 1 2845738417 1 1260473946 1 15976619 1 678018
6430 1 2913633562 1 1367705282 1 16345236 1 700598
6440 1 2874426557 1 1243604126 1 15847776 1 678389
6450 1 3098527660 1 1262243405 1 15797981 1 683294
6460 1 2890955430 1 1305888610 1 15777547 1 748774
6470 1 2975149051 1 1295177255 1 16247572 1 697238
6480 1 2971630690 1 1246093867 1 16190168 1 713221
6490 1 3042691343 1 1422207512 1 16246396 1 683949
6500 1 3036252902 1 1248883005 1 16036049 1 732358
6510 1 2878201391 1 1264527334 1 16092993 1 693172
6520 1 3040969318 1 1438862560 1 16273512 1 693333
6530 1 2876285132 1 1255075473 1 15981559 1 690366
6540 1 2903228869 1 1259603992 1 15845112 1 714662
6550 1 2937761791 1 1266671833 1 15256598 1 689261
6560 1 3000205842 1 1322421134 1 15981183 1 698591
6570 1 2949363160 1 1284055072 1 16330775 1 691497
6580 1 3130979091 1 1295235332 1 16815034 1 694147
6590 1 2977421881 1 1306613673 1 15826927 1 793398
6600 1 3164603432 1 1316742951 1 15859884 1 736246
6610 1 2982407401 1 1312299007 1 17053095 1 775220
6620 1 3199219690 1 1483539182 1 16659828 1 705707
6630 1 3016607132 1 1325741208 1 15773490 1 780582
6640 1 3031178613 1 1327766408 1 15884673 1 699347
6650 1 3040848411 1 1341188807 1 16087782 1 768150
6660 1 3101768051 1 1339574504 1 17249986 1 713537
6670 1 3112797887 1 1322726203 1 16766475 1 792524
6680 1 3302629696 1 1534648857 1 16055905 1 753888
6690 1 3093002926 1 1335846887 1 16557509 1 711168
6700 1 3100721284 1 1364742000 1 17786683 1 714761
6710 1 3363438828 1 1626305168 1 16691576 1 782638
6720 1 3189436799 1 1304817310 1 16042714 1 712059
6730 1 3202827567 1 1452875975 1 16884429 1 796854
6740 1 3376023523 1 1605612875 1 18677472 1 852580
6750 1 3523037162 1 1401420897 1 16445903 1 756411
6760 1 3207730565 1 1406582743 1 17118025 1 713380
6770 1 3385986802 1 1502700120 1 21378857 1 748324
6780 1 3242550310 1 1471006346 1 17102813 1 791335
6790 1 3210847179 1 1397126916 1 16990300 1 766022
6800 1 3290512611 1 1405499878 1 17479730 1 795758
6810 1 3313761194 1 1420550995 1 18186470 1 829891
6820 1 3281341170 1 1395981488 1 16860755 1 842319
6830 1 3458188025 1 1446284182 1 16894022 1 808191
6840 1 3239518505 1 1415570714 1 17157713 1 799788
6850 1 3480197775 1 1566646826 1 16620024 1 725915
6860 1 3472124757 1 1468791121 1 17034593 1 769221
6870 1 3620413389 1 1694194324 1 16516769 1 813276
6880 1 3272883311 1 1406731771 1 17351251 1 803475
6890 1 3376770728 1 1557918455 1 16968175 1 746871
6900 1 3370168806 1 1502281381 1 17615264 1 737541
6910 1 3288576554 1 1482112343 1 17213173 1 835408
6920 1 3576691254 1 1639289650 1 17269087 1 830858
6930 1 3307237799 1 1484350056 1 17524097 1 814849
6940 1 3530826235 1 1437085097 1 17094898 1 815477
6950 1 3326024967 1 1450737724 1 17438310 1 821654
6960 1 3576677262 1 1468963822 1 16874863 1 742189
6970 1 3336761526 1 1446143804 1 17128168 1 743120
6980 1 3617166084 1 1697741082 1 18021183 1 794074
6990 1 3401487371 1 1497502319 1 17506419 1 802070
7000 1 3546520213 1 1524535779 1 18276036 1 743156
7010 1 3641354445 1 1522439996 1 17566198 1 753504
7020 1 3619068829 1 1755356821 1 18981053 1 750190
7030 1 3803140209 1 1755316979 1 17563804 1 804217
7040 1 3450288408 1 1503292287 1 21485278 1 832171
7050 1 3512452085 1 1527274052 1 18523790 1 779068
7060 1 3565248111 1 1529884061 1 17617789 1 831716
7070 1 3673826107 1 1529855863 1 17548383 1 754457
7080 1 3521828365 1 1550902006 1 17640000 1 823540
7090 1 3806524994 1 1727964199 1 18487010 1 797706
7100 1 3572242155 1 1567149526 1 18784129 1 845163
7110 1 3716380691 1 1697184886 1 17386893 1 784564
7120 1 3578469754 1 1511375094 1 18570779 1 814163
7130 1 3812153392 1 1735579271 1 17893673 1 776948
7140 1 3649274207 1 1710422010 1 21719309 1 798897
7150 1 3772417792 1 1753457013 1 18375744 1 762271
7160 1 3742754283 1 1778185359 1 18267730 1 804687
7170 1 3530771583 1 1518174867 1 17668306 1 822741
7180 1 3564213577 1 1560730396 1 18354795 1 850086
7190 1 3605729423 1 1529229284 1 18717491 1 769493
7200 1 3677688821 1 1559085247 1 17481157 1 774471
7210 1 3510441315 1 1546739968 1 18590434 1 853710
7220 1 3833164807 1 1786366096 1 17536528 1 775769
7230 1 3713526929 1 1728057024 1 17438121 1 776077
7240 1 3756347865 1 1570108301 1 18650717 1 882252
7250 1 3864398413 1 1775289556 1 17897192 1 778927
7260 1 3804423942 1 1846688588 1 18727427 1 819682
7270 1 3807666141 1 1827245073 1 18644734 1 779037
7280 1 3901628375 1 1578622014 1 18093930 1 814155
7290 1 3644388633 1 1580562635 1 18508264 1 801782
7300 1 3784600125 1 1781701521 1 19944736 1 788462
7310 1 3698207448 1 1666188697 1 20485473 1 881860
7320 1 3880130876 1 1576468023 1 18114485 1 787485
7330 1 3920181468 1 1614780533 1 18928284 1 787908
7340 1 4272283741 1 1852416236 1 19218056 1 788475
7350 1 3841382866 1 1857314300 1 17744713 1 830734
7360 1 3990929338 1 1935779272 1 19387504 1 792809
7370 1 3983212926 1 1584418381 1 18279282 1 883396
7380 1 3728196066 1 1639661240 1 17861335 1 793986
7390 1 4241620100 1 1704664585 1 18655163 1 803290
7400 1 3911558981 1 1864352286 1 18525377 1 892648
7410 1 4013060577 1 1826681195 1 17606940 1 795136
7420 1 3764533604 1 1610245688 1 18460642 1 800856
7430 1 3781569939 1 1649133095 1 18373012 1 804825
7440 1 3974228651 1 1647289971 1 18365098 1 797563
7450 1 3814519286 1 1616819976 1 18792281 1 800657
7460 1 3820477253 1 1653234444 1 18285939 1 806910
7470 1 3743977317 1 1640533072 1 18282485 1 802480
7480 1 3933351706 1 1896094347 1 18915215 1 809608
7490 1 3746989169 1 1643644429 1 18290985 1 802578
7500 1 3954973529 1 1639199939 1 18976011 1 809163
7510 1 3811795174 1 1731531548 1 19464035 1 807398
7520 1 3966673680 1 1644018273 1 18437505 1 807589
7530 1 3786163494 1 1639833122 1 19383676 1 812765
7540 1 4200161267 1 2251716055 1 17974966 1 811010
7550 1 3802286127 1 1661984828 1 19508008 1 809715
7560 1 4055871097 1 1783047359 1 17932880 1 836820
7570 1 3895382653 1 1637691051 1 18238116 1 814619
7580 1 3892377770 1 1658565152 1 18787258 1 816677
7590 1 4077917463 1 1664815200 1 18531078 1 818221
7600 1 3932997110 1 1683628205 1 18278047 1 860621
7610 1 4164916368 1 1969929363 1 18916632 1 880986
7620 1 3876076332 1 1677499649 1 19462246 1 821150
7630 1 4182726643 1 1958302352 1 18284935 1 824929
7640 1 3945272357 1 1704466983 1 18486290 1 819937
7650 1 4092583794 1 1696028862 1 18487459 1 823966
7660 1 3939772278 1 1707854907 1 18121304 1 960382
7670 1 4133087993 1 1682965636 1 19676766 1 827923
7680 1 3879203385 1 1667583087 1 17916737 1 833857
7690 1 4226024097 1 1789277821 1 18090824 1 834833
7700 1 4024011004 1 1711084687 1 20061826 1 830365
7710 1 3943412557 1 1728956017 1 18638280 1 839395
7720 1 4215994113 1 2001582175 1 18159907 1 834245
7730 1 3981716959 1 1738826928 1 19361154 1 831272
7740 1 4049401516 1 1734344782 1 19027604 1 836084
7750 1 3994797773 1 1739346207 1 18594684 1 839200
7760 1 4251622078 1 2027580254 1 20205177 1 842576
7770 1 4038997015 1 1780424405 1 18981676 1 845234
7780 1 4014895875 1 1746633033 1 19372296 1 842854
7790 1 4058950119 1 1777935503 1 19445062 1 842979
7800 1 4065429537 1 1784972575 1 18562134 1 844475
7810 1 4126462193 1 1807813875 1 22261255 1 1004071
7820 1 4100388075 1 1782377861 1 18346673 1 897615
7830 1 4138462320 1 1805652610 1 21025898 1 869856
7840 1 4157254578 1 1847130940 1 20166807 1 937445
7850 1 4236175894 1 1837681532 1 18883946 1 914110
7860 1 4179709942 1 1834318579 1 19629118 1 942206
7870 1 4252894890 1 1814626543 1 19653497 1 878549
7880 1 4221044670 1 1849280870 1 19199055 1 857141
7890 1 4338456314 1 1945305375 1 19419169 1 859727
7900 1 4339222855 1 1890818274 1 20988399 1 861819
7910 1 4282621598 1 1871896849 1 19738366 1 876596
7920 1 4400997384 1 1883832323 1 20098314 1 885447
7930 1 4326959843 1 1890523254 1 19467259 1 917216
7940 1 4756063431 1 1947470601 1 19847548 1 861050
7950 1 4338173067 1 1940183141 1 19445489 1 991242
7960 1 4692058258 1 1906794678 1 20004588 1 863034
7970 1 4371281594 1 1889199357 1 20673818 1 894202
7980 1 4704517875 1 2271540138 1 19815364 1 912580
7990 1 4587115597 1 1973490476 1 20137145 1 865581
8000 1 4362671826 1 1918198177 1 20919336 1 870385
8010 1 4696413889 1 2253107185 1 20228344 1 887517
8020 1 4445624739 1 1911752637 1 20409971 1 938127
8030 1 4460371892 1 1951022317 1 20643248 1 898149
8040 1 4800868770 1 1984669756 1 20864105 1 963662
8050 1 4677496787 1 1951562647 1 20656625 1 920313
8060 1 4470896895 1 1981655711 1 20032432 1 1034539
8070 1 4756016569 1 1928792312 1 21395139 1 874574
8080 1 4579584277 1 2043954275 1 20586558 1 921168
8090 1 4733534272 1 2237897870 1 19674204 1 947807
8100 1 4463398242 1 1915991082 1 22812633 1 978015
8110 1 4488110227 1 1998928650 1 20043568 1 943606
8120 1 4765198921 1 2029423880 1 21398719 1 985412
8130 1 4520622240 1 1985843859 1 21790793 1 957744
8140 1 4897128625 1 2015268881 1 20798337 1 985929
8150 1 4594888241 1 2056267663 1 20966616 1 889320
8160 1 4754113957 1 2010571146 1 21993100 1 982612
8170 1 4527909904 1 1948018006 1 20223682 1 997429
8180 1 4792026644 1 1961416940 1 20698364 1 892024
8190 1 4595318163 1 2014235402 1 20704437 1 990105
8200 1 4628445483 1 2017247772 1 20349458 1 955352
8210 1 4824918228 1 2078799555 1 23798564 1 997191
8220 1 4853942660 1 2108460249 1 21892113 1 885688
8230 1 5154382689 1 2107253283 1 22195085 1 1010587
8240 1 4677480026 1 2029989137 1 20496365 1 1000581
8250 1 4919720577 1 2314870612 1 20732074 1 898915
8260 1 4794261256 1 2362915333 1 20777880 1 899757
8270 1 4825139872 1 2392006384 1 20651311 1 897840
8280 1 4959878439 1 2044177902 1 20503122 1 921818
8290 1 4720431193 1 2025488922 1 19873488 1 897722
8300 1 4969048983 1 2339592712 1 21219502 1 906134
8310 1 4623414313 1 2021328175 1 19695452 1 920632
8320 1 4891480696 1 2320564274 1 21512211 1 995367
8330 1 4693746666 1 2025297240 1 20422871 1 907562
8340 1 4739439816 1 2015182264 1 19953047 1 900018
8350 1 4648048874 1 2019764498 1 21307730 1 951621
8360 1 4949453616 1 2384401984 1 20370033 1 906662
8370 1 4664866482 1 2021438569 1 20819143 1 965630
8380 1 4686849819 1 2070260039 1 20515514 1 911943
8390 1 4738648454 1 2071557223 1 20333676 1 919448
8400 1 4703098050 1 2038644447 1 20175944 1 913640
8410 1 4761480762 1 2112687097 1 20748420 1 918874
8420 1 4726520318 1 2052547667 1 20891694 1 918344
8430 1 4852031309 1 2172305519 1 21393768 1 918960
8440 1 4820711049 1 2144701357 1 21545928 1 967237
8450 1 4880940076 1 2147589418 1 22396145 1 1038794
8460 1 5074729776 1 2312417731 1 21234289 1 972799
8470 1 4951868866 1 2232053243 1 20842706 1 920405
8480 1 4976170146 1 2220614058 1 21707311 1 922110
8490 1 5015310124 1 2123643728 1 21842723 1 920255
8500 1 4975037445 1 2192310457 1 20540559 1 949678
8510 1 4905092653 1 2141823434 1 20601912 1 922799
8520 1 4987534040 1 2168831014 1 21449376 1 980974
8530 1 4953120583 1 2159307113 1 22434554 1 993865
8540 1 4990611087 1 2212674206 1 21591300 1 1026016
8550 1 4986041585 1 2161214759 1 21502273 1 927482
8560 1 4970404388 1 2169324533 1 21645207 1 1033212
8570 1 5082897829 1 2135789988 1 21269494 1 1011488
8580 1 4916849299 1 2144659049 1 21674821 1 934672
8590 1 5237459163 1 2176074445 1 22635690 1 999338
8600 1 5178572536 1 2278537382 1 22830481 1 1042731
8610 1 5290211011 1 2427566919 1 25613111 1 1054702
8620 1 5318636023 1 2293528336 1 22282479 1 1001788
8630 1 5374504192 1 2379455986 1 21522401 1 986582
8640 1 5246611297 1 2348387783 1 22001638 1 1037700
8650 1 5373180201 1 2339491934 1 23221915 1 1052169
8660 1 5319230760 1 2339423680 1 23281933 1 979777
8670 1 5521975387 1 2486832863 1 23760478 1 1092747
8680 1 5534725177 1 2364226497 1 24678404 1 1057208
8690 1 5373602948 1 2344609491 1 22385954 1 1071848
8700 1 5435911077 1 2344695888 1 22299124 1 1034328
8710 1 5459306174 1 2500291515 1 25628549 1 978119
8720 1 5430654104 1 2320833694 1 22631162 1 1051990
8730 1 5359378463 1 2344685382 1 25065918 1 1046441
8740 1 5453836665 1 2410271053 1 22547644 1 1033780
8750 1 5337540699 1 2308079473 1 21792837 1 961633
8760 1 5405710992 1 2385468049 1 22211621 1 1071503
8770 1 5391361492 1 2345076853 1 22882354 1 1094738
8780 1 5427847329 1 2385958030 1 23792264 1 1010061
8790 1 5456806420 1 2396833371 1 26954475 1 1064857
8800 1 5445146275 1 2384077635 1 22379140 1 1062364
8810 1 5491685921 1 2493785558 1 23466187 1 1063548
8820 1 5624407803 1 2418483051 1 23231065 1 1033908
8830 1 5508428355 1 2402171285 1 23228886 1 999168
8840 1 5650581793 1 2420503791 1 25050743 1 1015754
8850 1 5551075799 1 2386196128 1 22923811 1 976140
8860 1 5494228913 1 2415524188 1 23193346 1 1010174
8870 1 5510223637 1 2376614528 1 22755608 1 1037054
8880 1 5564408910 1 2435489361 1 23557151 1 1083911
8890 1 5649336406 1 2399670377 1 23521194 1 975275
8900 1 5550340421 1 2433600245 1 21909012 1 1053385
8910 1 5576412337 1 2459660366 1 23710075 1 983400
8920 1 5595686957 1 2427376859 1 22639077 1 980437
8930 1 5587230399 1 2427908440 1 23663108 1 975566
8940 1 5613294243 1 2452788051 1 22284401 1 1085866
8950 1 5896814466 1 2767952057 1 24697226 1 1034134
8960 1 5660355570 1 2492765769 1 23281841 1 991490
8970 1 5687671982 1 2453550473 1 23460686 1 1080592
8980 1 5619935345 1 2449936654 1 22883466 1 991423
8990 1 5645858323 1 2496337760 1 24808407 1 984675
9000 1 5677679162 1 2478332310 1 26537529 1 1030188
9010 1 5741361798 1 2551754535 1 23756645 1 1069677
9020 1 5845919509 1 2512243468 1 22953429 1 1007511
9030 1 5977058958 1 2898261183 1 23073437 1 1055279
9040 1 6102094362 1 2491679801 1 23574515 1 1028875
9050 1 6358974368 1 2539580459 1 23493605 1 1088882
9060 1 6426985449 1 2943708385 1 23530937 1 998267
9070 1 5946144519 1 2526024749 1 23329304 1 1082307
9080 1 6272518221 1 2606903503 1 24842677 1 1113602
9090 1 6145054246 1 2538081659 1 23230923 1 1106138
9100 1 6260252841 1 2661749913 1 25286086 1 1109231
9110 1 5850781032 1 2664796196 1 24179425 1 1045967
9120 1 6485472346 1 2949085751 1 23861532 1 1111625
9130 1 5985150873 1 2578507209 1 23323916 1 1006728
9140 1 6560314672 1 3297155701 1 24951567 1 1098237
9150 1 5923823428 1 2544050509 1 23444053 1 1026834
9160 1 5985148025 1 2616168884 1 23254565 1 1057160
9170 1 5954355742 1 2668114656 1 23027973 1 1033532
9180 1 6247017078 1 2587135189 1 23997831 1 1088279
9190 1 6123511548 1 2649519012 1 23649106 1 1077615
9200 1 5899540538 1 2568609632 1 23331644 1 1074708
9210 1 6270777229 1 3061857757 1 24013944 1 1113016
9220 1 6309386836 1 3034725259 1 24300644 1 1051158
9230 1 6108769504 1 2598775116 1 23804432 1 1109253
9240 1 5909405241 1 2617931826 1 24059251 1 1078573
9250 1 6205725908 1 2956545609 1 24226180 1 1143396
9260 1 5897278197 1 2635687215 1 23949495 1 1135613
9270 1 6005835500 1 2625602758 1 26750360 1 1096663
9280 1 6023890173 1 2646098949 1 23427751 1 1066971
9290 1 6002368442 1 2617019504 1 24611394 1 1123662
9300 1 6055540466 1 2658423108 1 23947693 1 1138577
9310 1 6237227627 1 3022077963 1 24514773 1 1097831
9320 1 6073529273 1 2629357618 1 24727786 1 1104810
9330 1 6121670645 1 2614189077 1 24832418 1 1151170
9340 1 6118864772 1 2695231744 1 23748817 1 1103586
9350 1 6348634530 1 2764089784 1 24176549 1 1111791
9360 1 6099211533 1 2688354856 1 23442133 1 1114831
9370 1 6566507767 1 3074112898 1 24361875 1 1171666
9380 1 6127467605 1 2680532696 1 24988224 1 1066259
9390 1 6147309470 1 2708855894 1 24825407 1 1089182
9400 1 6237800323 1 2849297320 1 24938455 1 1041615
9410 1 6455712596 1 2770145177 1 24348821 1 1112092
9420 1 6304820422 1 2676741466 1 23901862 1 1044150
9430 1 6645475624 1 3122295730 1 23799327 1 1065142
9440 1 6179586581 1 2621708613 1 23373629 1 1041344
9450 1 6072828755 1 2835503037 1 23235246 1 1042404
9460 1 6386200576 1 3098406760 1 22926136 1 1044784
9470 1 5998192436 1 2604096424 1 26440899 1 1097833
9480 1 6005842877 1 2604105425 1 22334641 1 1109774
9490 1 6056652381 1 2690531623 1 23339217 1 1043104
9500 1 6082738159 1 2684346067 1 23222859 1 1060167
9510 1 6148831759 1 2693523356 1 23443562 1 1055088
9520 1 6082399954 1 2630925111 1 23430618 1 1199356
9530 1 6098994531 1 2641109586 1 23260255 1 1082233
9540 1 6108444332 1 2684888633 1 24907337 1 1046046
9550 1 6104206784 1 2672107875 1 24260956 1 1061558
9560 1 6108446265 1 2680908113 1 22831233 1 1059647
9570 1 6352818859 1 2901573332 1 24303260 1 1060314
9580 1 6155188593 1 2671863179 1 24459066 1 1066110
9590 1 6566953885 1 2711441275 1 24880361 1 1062759
9600 1 6592297610 1 3079111635 1 22851114 1 1067092
9610 1 6784357979 1 3100030415 1 23895702 1 1059962
9620 1 6328638104 1 2797472483 1 23996545 1 1136778
9630 1 7062891944 1 3032848074 1 24549922 1 1071629
9640 1 6213799876 1 2733846188 1 23809927 1 1065545
9650 1 6620641841 1 3134297200 1 23746583 1 1070426
9660 1 6437930760 1 2779249099 1 25596169 1 1093577
9670 1 6371849573 1 2720258675 1 23929498 1 1097006
9680 1 6323665379 1 2766371552 1 26055237 1 1073156
9690 1 6261470581 1 2716513378 1 23376398 1 1070465
9700 1 6329191944 1 2776291380 1 23759831 1 1163249
9710 1 6378266127 1 2799306104 1 25001185 1 1072647
9720 1 6374817217 1 2771319754 1 24683214 1 1102499
9730 1 6372743439 1 2741788292 1 24130896 1 1086390
9740 1 6410938163 1 2815921814 1 25870339 1 1078225
9750 1 6498695329 1 2839654527 1 25046372 1 1110738
9760 1 6400918956 1 2838832018 1 25468240 1 1083206
9770 1 6473842882 1 2806069109 1 24874534 1 1087593
9780 1 6452925513 1 2815308523 1 24196465 1 1176038
9790 1 6562861739 1 2870596631 1 24773259 1 1081909
9800 1 6551425164 1 2869842630 1 26144150 1 1086442
9810 1 6549803493 1 2869768357 1 24048816 1 1093099
9820 1 6426455228 1 2766374449 1 25569255 1 1100002
9830 1 6518567318 1 2850171019 1 23968610 1 1092372
9840 1 6565594740 1 2847082977 1 24861082 1 1187993
9850 1 6590061900 1 2888424926 1 25243450 1 1100610
9860 1 6539564348 1 2879309696 1 24425088 1 1089409
9870 1 6658422366 1 2889194588 1 23989422 1 1147009
9880 1 6563857258 1 2871313118 1 27029507 1 1101491
9890 1 6637763909 1 2886881922 1 24786227 1 1097728
9900 1 6641564458 1 2902879737 1 24644086 1 1097589
9910 1 6645293849 1 2892586589 1 24730115 1 1102234
9920 1 6630971637 1 2867782543 1 24615282 1 1106635
9930 1 6686211936 1 2885850527 1 24334828 1 1101970
9940 1 6669367927 1 2943579892 1 24431129 1 1127867
9950 1 6647757375 1 2879017537 1 24664247 1 1114168
9960 1 6742359910 1 2960499779 1 24942870 1 1111242
9970 1 6696357570 1 2878940759 1 24429847 1 1134035
9980 1 6771176171 1 2971546136 1 24850346 1 1113318
9990 1 6775063848 1 2924501966 1 24577355 1 1112482
10000 1 6707822052 1 2931551023 1 25431472 1 1113115
